{"/home/runner/work/N-D-B/N-D-B/Packages/Client/src/app.module.ts": {"path":"/home/runner/work/N-D-B/N-D-B/Packages/Client/src/app.module.ts","statementMap":{"0":{"start":{"line":11,"column":7},"end":{"line":11,"column":null}},"1":{"start":{"line":11,"column":13},"end":{"line":11,"column":23}}},"fnMap":{},"branchMap":{},"s":{"0":0,"1":0},"f":{},"b":{}}
,"/home/runner/work/N-D-B/N-D-B/Packages/Client/src/main.ts": {"path":"/home/runner/work/N-D-B/N-D-B/Packages/Client/src/main.ts","statementMap":{"0":{"start":{"line":15,"column":16},"end":{"line":15,"column":null}},"1":{"start":{"line":16,"column":13},"end":{"line":16,"column":null}},"2":{"start":{"line":17,"column":23},"end":{"line":17,"column":null}},"3":{"start":{"line":18,"column":14},"end":{"line":18,"column":null}},"4":{"start":{"line":20,"column":25},"end":{"line":20,"column":null}},"5":{"start":{"line":21,"column":1},"end":{"line":30,"column":null}},"6":{"start":{"line":23,"column":3},"end":{"line":23,"column":null}},"7":{"start":{"line":26,"column":3},"end":{"line":26,"column":null}},"8":{"start":{"line":29,"column":3},"end":{"line":29,"column":null}},"9":{"start":{"line":32,"column":1},"end":{"line":32,"column":null}},"10":{"start":{"line":33,"column":1},"end":{"line":36,"column":null}},"11":{"start":{"line":38,"column":1},"end":{"line":38,"column":null}},"12":{"start":{"line":39,"column":1},"end":{"line":39,"column":null}},"13":{"start":{"line":40,"column":1},"end":{"line":46,"column":null}},"14":{"start":{"line":48,"column":22},"end":{"line":48,"column":null}},"15":{"start":{"line":49,"column":21},"end":{"line":49,"column":null}},"16":{"start":{"line":51,"column":1},"end":{"line":59,"column":null}},"17":{"start":{"line":52,"column":2},"end":{"line":52,"column":null}},"18":{"start":{"line":53,"column":2},"end":{"line":53,"column":null}},"19":{"start":{"line":54,"column":2},"end":{"line":54,"column":null}},"20":{"start":{"line":56,"column":2},"end":{"line":56,"column":null}},"21":{"start":{"line":58,"column":2},"end":{"line":58,"column":null}},"22":{"start":{"line":61,"column":0},"end":{"line":61,"column":null}}},"fnMap":{"0":{"name":"bootstrap","decl":{"start":{"line":14,"column":15},"end":{"line":14,"column":27}},"loc":{"start":{"line":14,"column":27},"end":{"line":60,"column":null}}},"1":{"name":"(anonymous_1)","decl":{"start":{"line":22,"column":24},"end":{"line":22,"column":31}},"loc":{"start":{"line":22,"column":44},"end":{"line":24,"column":3}}},"2":{"name":"(anonymous_2)","decl":{"start":{"line":25,"column":30},"end":{"line":25,"column":40}},"loc":{"start":{"line":25,"column":70},"end":{"line":27,"column":3}}},"3":{"name":"(anonymous_3)","decl":{"start":{"line":28,"column":24},"end":{"line":28,"column":36}},"loc":{"start":{"line":28,"column":36},"end":{"line":30,"column":3}}}},"branchMap":{},"s":{"0":0,"1":0,"2":0,"3":0,"4":0,"5":0,"6":0,"7":0,"8":0,"9":0,"10":0,"11":0,"12":0,"13":0,"14":0,"15":0,"16":0,"17":0,"18":0,"19":0,"20":0,"21":0,"22":0},"f":{"0":0,"1":0,"2":0,"3":0},"b":{}}
,"/home/runner/work/N-D-B/N-D-B/Packages/Client/src/common/Languages/Localization/DeveloperTools.ts": {"path":"/home/runner/work/N-D-B/N-D-B/Packages/Client/src/common/Languages/Localization/DeveloperTools.ts","statementMap":{"0":{"start":{"line":3,"column":56},"end":{"line":46,"column":null}}},"fnMap":{},"branchMap":{},"s":{"0":0},"f":{},"b":{}}
,"/home/runner/work/N-D-B/N-D-B/Packages/Client/src/common/Languages/Localization/Music.ts": {"path":"/home/runner/work/N-D-B/N-D-B/Packages/Client/src/common/Languages/Localization/Music.ts","statementMap":{"0":{"start":{"line":3,"column":47},"end":{"line":96,"column":null}}},"fnMap":{},"branchMap":{},"s":{"0":0},"f":{},"b":{}}
,"/home/runner/work/N-D-B/N-D-B/Packages/Client/src/common/Languages/Localization/ReactionRoles.ts": {"path":"/home/runner/work/N-D-B/N-D-B/Packages/Client/src/common/Languages/Localization/ReactionRoles.ts","statementMap":{"0":{"start":{"line":3,"column":55},"end":{"line":205,"column":null}}},"fnMap":{},"branchMap":{},"s":{"0":0},"f":{},"b":{}}
,"/home/runner/work/N-D-B/N-D-B/Packages/Client/src/common/decorators/AuthUser.decorator.ts": {"path":"/home/runner/work/N-D-B/N-D-B/Packages/Client/src/common/decorators/AuthUser.decorator.ts","statementMap":{"0":{"start":{"line":4,"column":24},"end":{"line":7,"column":null}},"1":{"start":{"line":5,"column":17},"end":{"line":5,"column":null}},"2":{"start":{"line":6,"column":1},"end":{"line":6,"column":null}}},"fnMap":{"0":{"name":"(anonymous_0)","decl":{"start":{"line":4,"column":45},"end":{"line":4,"column":46}},"loc":{"start":{"line":4,"column":87},"end":{"line":7,"column":1}}}},"branchMap":{},"s":{"0":0,"1":0,"2":0},"f":{"0":0},"b":{}}
,"/home/runner/work/N-D-B/N-D-B/Packages/Client/src/common/decorators/CommandConfig.decorator.ts": {"path":"/home/runner/work/N-D-B/N-D-B/Packages/Client/src/common/decorators/CommandConfig.decorator.ts","statementMap":{"0":{"start":{"line":4,"column":29},"end":{"line":4,"column":null}}},"fnMap":{},"branchMap":{},"s":{"0":0},"f":{},"b":{}}
,"/home/runner/work/N-D-B/N-D-B/Packages/Client/src/common/decorators/CommandPermissions.decorator.ts": {"path":"/home/runner/work/N-D-B/N-D-B/Packages/Client/src/common/decorators/CommandPermissions.decorator.ts","statementMap":{"0":{"start":{"line":4,"column":34},"end":{"line":4,"column":null}}},"fnMap":{},"branchMap":{},"s":{"0":0},"f":{},"b":{}}
,"/home/runner/work/N-D-B/N-D-B/Packages/Client/src/common/decorators/LegacyCommand.decorator.ts": {"path":"/home/runner/work/N-D-B/N-D-B/Packages/Client/src/common/decorators/LegacyCommand.decorator.ts","statementMap":{"0":{"start":{"line":5,"column":29},"end":{"line":7,"column":null}},"1":{"start":{"line":6,"column":47},"end":{"line":6,"column":null}}},"fnMap":{"0":{"name":"(anonymous_0)","decl":{"start":{"line":6,"column":12},"end":{"line":6,"column":13}},"loc":{"start":{"line":6,"column":47},"end":{"line":6,"column":null}}}},"branchMap":{},"s":{"0":0,"1":0},"f":{"0":0},"b":{}}
,"/home/runner/work/N-D-B/N-D-B/Packages/Client/src/common/decorators/SlashCommand.decorator.ts": {"path":"/home/runner/work/N-D-B/N-D-B/Packages/Client/src/common/decorators/SlashCommand.decorator.ts","statementMap":{"0":{"start":{"line":5,"column":28},"end":{"line":7,"column":null}},"1":{"start":{"line":6,"column":46},"end":{"line":6,"column":null}}},"fnMap":{"0":{"name":"(anonymous_0)","decl":{"start":{"line":6,"column":12},"end":{"line":6,"column":13}},"loc":{"start":{"line":6,"column":46},"end":{"line":6,"column":null}}}},"branchMap":{},"s":{"0":0,"1":0},"f":{"0":0},"b":{}}
,"/home/runner/work/N-D-B/N-D-B/Packages/Client/src/common/guards/Discord.guard.ts": {"path":"/home/runner/work/N-D-B/N-D-B/Packages/Client/src/common/guards/Discord.guard.ts","statementMap":{"0":{"start":{"line":5,"column":7},"end":{"line":5,"column":null}},"1":{"start":{"line":5,"column":13},"end":{"line":5,"column":38}}},"fnMap":{},"branchMap":{},"s":{"0":0,"1":0},"f":{},"b":{}}
,"/home/runner/work/N-D-B/N-D-B/Packages/Client/src/common/guards/Enable.guard.ts": {"path":"/home/runner/work/N-D-B/N-D-B/Packages/Client/src/common/guards/Enable.guard.ts","statementMap":{"0":{"start":{"line":8,"column":7},"end":{"line":26,"column":null}},"1":{"start":{"line":10,"column":46},"end":{"line":10,"column":null}},"2":{"start":{"line":11,"column":19},"end":{"line":11,"column":null}},"3":{"start":{"line":15,"column":22},"end":{"line":15,"column":null}},"4":{"start":{"line":17,"column":24},"end":{"line":17,"column":null}},"5":{"start":{"line":19,"column":2},"end":{"line":22,"column":null}},"6":{"start":{"line":20,"column":3},"end":{"line":20,"column":null}},"7":{"start":{"line":21,"column":3},"end":{"line":21,"column":null}},"8":{"start":{"line":24,"column":2},"end":{"line":24,"column":null}},"9":{"start":{"line":8,"column":13},"end":{"line":8,"column":48}}},"fnMap":{"0":{"name":"(anonymous_3)","decl":{"start":{"line":9,"column":8},"end":{"line":9,"column":null}},"loc":{"start":{"line":12,"column":3},"end":{"line":12,"column":null}}},"1":{"name":"(anonymous_4)","decl":{"start":{"line":14,"column":1},"end":{"line":14,"column":14}},"loc":{"start":{"line":14,"column":80},"end":{"line":25,"column":null}}}},"branchMap":{"0":{"loc":{"start":{"line":19,"column":2},"end":{"line":22,"column":null}},"type":"if","locations":[{"start":{"line":19,"column":2},"end":{"line":22,"column":null}},{"start":{"line":19,"column":2},"end":{"line":22,"column":null}}]}},"s":{"0":0,"1":0,"2":0,"3":0,"4":0,"5":0,"6":0,"7":0,"8":0,"9":0},"f":{"0":0,"1":0},"b":{"0":[0,0]}}
,"/home/runner/work/N-D-B/N-D-B/Packages/Client/src/common/guards/Jwt.guard.ts": {"path":"/home/runner/work/N-D-B/N-D-B/Packages/Client/src/common/guards/Jwt.guard.ts","statementMap":{"0":{"start":{"line":5,"column":7},"end":{"line":5,"column":null}},"1":{"start":{"line":5,"column":13},"end":{"line":5,"column":34}}},"fnMap":{},"branchMap":{},"s":{"0":0,"1":0},"f":{},"b":{}}
,"/home/runner/work/N-D-B/N-D-B/Packages/Client/src/common/guards/Utils.ts": {"path":"/home/runner/work/N-D-B/N-D-B/Packages/Client/src/common/guards/Utils.ts","statementMap":{"0":{"start":{"line":10,"column":24},"end":{"line":10,"column":null}},"1":{"start":{"line":12,"column":3},"end":{"line":12,"column":null}},"2":{"start":{"line":13,"column":32},"end":{"line":13,"column":null}},"3":{"start":{"line":14,"column":31},"end":{"line":14,"column":null}},"4":{"start":{"line":16,"column":2},"end":{"line":21,"column":null}},"5":{"start":{"line":25,"column":2},"end":{"line":27,"column":null}},"6":{"start":{"line":26,"column":3},"end":{"line":26,"column":null}},"7":{"start":{"line":28,"column":2},"end":{"line":28,"column":null}},"8":{"start":{"line":32,"column":2},"end":{"line":35,"column":null}}},"fnMap":{"0":{"name":"(anonymous_0)","decl":{"start":{"line":9,"column":1},"end":{"line":9,"column":8}},"loc":{"start":{"line":9,"column":52},"end":{"line":22,"column":null}}},"1":{"name":"(anonymous_1)","decl":{"start":{"line":24,"column":1},"end":{"line":24,"column":8}},"loc":{"start":{"line":24,"column":57},"end":{"line":29,"column":null}}},"2":{"name":"(anonymous_2)","decl":{"start":{"line":31,"column":1},"end":{"line":31,"column":15}},"loc":{"start":{"line":31,"column":49},"end":{"line":36,"column":null}}}},"branchMap":{"0":{"loc":{"start":{"line":25,"column":2},"end":{"line":27,"column":null}},"type":"if","locations":[{"start":{"line":25,"column":2},"end":{"line":27,"column":null}},{"start":{"line":25,"column":2},"end":{"line":27,"column":null}}]}},"s":{"0":0,"1":0,"2":0,"3":0,"4":0,"5":0,"6":0,"7":0,"8":0},"f":{"0":0,"1":0,"2":0},"b":{"0":[0,0]}}
,"/home/runner/work/N-D-B/N-D-B/Packages/Client/src/common/guards/Args/Embed.ts": {"path":"/home/runner/work/N-D-B/N-D-B/Packages/Client/src/common/guards/Args/Embed.ts","statementMap":{"0":{"start":{"line":13,"column":1},"end":{"line":38,"column":null}}},"fnMap":{"0":{"name":"embed","decl":{"start":{"line":6,"column":22},"end":{"line":6,"column":null}},"loc":{"start":{"line":12,"column":25},"end":{"line":39,"column":null}}}},"branchMap":{},"s":{"0":0},"f":{"0":0},"b":{}}
,"/home/runner/work/N-D-B/N-D-B/Packages/Client/src/common/guards/Args/Max.guard.ts": {"path":"/home/runner/work/N-D-B/N-D-B/Packages/Client/src/common/guards/Args/Max.guard.ts","statementMap":{"0":{"start":{"line":7,"column":7},"end":{"line":22,"column":null}},"1":{"start":{"line":8,"column":64},"end":{"line":8,"column":89}},"2":{"start":{"line":11,"column":52},"end":{"line":11,"column":null}},"3":{"start":{"line":12,"column":15},"end":{"line":12,"column":null}},"4":{"start":{"line":14,"column":2},"end":{"line":19,"column":null}},"5":{"start":{"line":15,"column":3},"end":{"line":18,"column":null}},"6":{"start":{"line":16,"column":4},"end":{"line":16,"column":null}},"7":{"start":{"line":17,"column":4},"end":{"line":17,"column":null}},"8":{"start":{"line":20,"column":2},"end":{"line":20,"column":null}},"9":{"start":{"line":7,"column":13},"end":{"line":7,"column":49}}},"fnMap":{"0":{"name":"(anonymous_3)","decl":{"start":{"line":8,"column":8},"end":{"line":8,"column":21}},"loc":{"start":{"line":8,"column":89},"end":{"line":8,"column":null}}},"1":{"name":"(anonymous_4)","decl":{"start":{"line":10,"column":1},"end":{"line":10,"column":14}},"loc":{"start":{"line":10,"column":80},"end":{"line":21,"column":null}}}},"branchMap":{"0":{"loc":{"start":{"line":14,"column":2},"end":{"line":19,"column":null}},"type":"if","locations":[{"start":{"line":14,"column":2},"end":{"line":19,"column":null}},{"start":{"line":14,"column":2},"end":{"line":19,"column":null}}]},"1":{"loc":{"start":{"line":15,"column":3},"end":{"line":18,"column":null}},"type":"if","locations":[{"start":{"line":15,"column":3},"end":{"line":18,"column":null}},{"start":{"line":15,"column":3},"end":{"line":18,"column":null}}]}},"s":{"0":0,"1":0,"2":0,"3":0,"4":0,"5":0,"6":0,"7":0,"8":0,"9":0},"f":{"0":0,"1":0},"b":{"0":[0,0],"1":[0,0]}}
,"/home/runner/work/N-D-B/N-D-B/Packages/Client/src/common/guards/Args/Min.guard.ts": {"path":"/home/runner/work/N-D-B/N-D-B/Packages/Client/src/common/guards/Args/Min.guard.ts","statementMap":{"0":{"start":{"line":7,"column":7},"end":{"line":22,"column":null}},"1":{"start":{"line":8,"column":64},"end":{"line":8,"column":89}},"2":{"start":{"line":11,"column":52},"end":{"line":11,"column":null}},"3":{"start":{"line":12,"column":15},"end":{"line":12,"column":null}},"4":{"start":{"line":14,"column":2},"end":{"line":19,"column":null}},"5":{"start":{"line":15,"column":3},"end":{"line":18,"column":null}},"6":{"start":{"line":16,"column":4},"end":{"line":16,"column":null}},"7":{"start":{"line":17,"column":4},"end":{"line":17,"column":null}},"8":{"start":{"line":20,"column":2},"end":{"line":20,"column":null}},"9":{"start":{"line":7,"column":13},"end":{"line":7,"column":49}}},"fnMap":{"0":{"name":"(anonymous_3)","decl":{"start":{"line":8,"column":8},"end":{"line":8,"column":21}},"loc":{"start":{"line":8,"column":89},"end":{"line":8,"column":null}}},"1":{"name":"(anonymous_4)","decl":{"start":{"line":10,"column":1},"end":{"line":10,"column":14}},"loc":{"start":{"line":10,"column":80},"end":{"line":21,"column":null}}}},"branchMap":{"0":{"loc":{"start":{"line":14,"column":2},"end":{"line":19,"column":null}},"type":"if","locations":[{"start":{"line":14,"column":2},"end":{"line":19,"column":null}},{"start":{"line":14,"column":2},"end":{"line":19,"column":null}}]},"1":{"loc":{"start":{"line":15,"column":3},"end":{"line":18,"column":null}},"type":"if","locations":[{"start":{"line":15,"column":3},"end":{"line":18,"column":null}},{"start":{"line":15,"column":3},"end":{"line":18,"column":null}}]}},"s":{"0":0,"1":0,"2":0,"3":0,"4":0,"5":0,"6":0,"7":0,"8":0,"9":0},"f":{"0":0,"1":0},"b":{"0":[0,0],"1":[0,0]}}
,"/home/runner/work/N-D-B/N-D-B/Packages/Client/src/common/guards/Permissions/Bot.guard.ts": {"path":"/home/runner/work/N-D-B/N-D-B/Packages/Client/src/common/guards/Permissions/Bot.guard.ts","statementMap":{"0":{"start":{"line":8,"column":7},"end":{"line":32,"column":null}},"1":{"start":{"line":10,"column":46},"end":{"line":10,"column":null}},"2":{"start":{"line":11,"column":19},"end":{"line":11,"column":null}},"3":{"start":{"line":15,"column":22},"end":{"line":15,"column":null}},"4":{"start":{"line":16,"column":22},"end":{"line":16,"column":null}},"5":{"start":{"line":18,"column":2},"end":{"line":28,"column":null}},"6":{"start":{"line":19,"column":3},"end":{"line":27,"column":null}},"7":{"start":{"line":20,"column":4},"end":{"line":25,"column":null}},"8":{"start":{"line":26,"column":4},"end":{"line":26,"column":null}},"9":{"start":{"line":30,"column":2},"end":{"line":30,"column":null}},"10":{"start":{"line":8,"column":13},"end":{"line":8,"column":55}}},"fnMap":{"0":{"name":"(anonymous_3)","decl":{"start":{"line":9,"column":8},"end":{"line":9,"column":null}},"loc":{"start":{"line":12,"column":3},"end":{"line":12,"column":null}}},"1":{"name":"(anonymous_4)","decl":{"start":{"line":14,"column":1},"end":{"line":14,"column":14}},"loc":{"start":{"line":14,"column":80},"end":{"line":31,"column":null}}}},"branchMap":{"0":{"loc":{"start":{"line":18,"column":2},"end":{"line":28,"column":null}},"type":"if","locations":[{"start":{"line":18,"column":2},"end":{"line":28,"column":null}},{"start":{"line":18,"column":2},"end":{"line":28,"column":null}}]},"1":{"loc":{"start":{"line":19,"column":3},"end":{"line":27,"column":null}},"type":"if","locations":[{"start":{"line":19,"column":3},"end":{"line":27,"column":null}},{"start":{"line":19,"column":3},"end":{"line":27,"column":null}}]}},"s":{"0":0,"1":0,"2":0,"3":0,"4":0,"5":0,"6":0,"7":0,"8":0,"9":0,"10":0},"f":{"0":0,"1":0},"b":{"0":[0,0],"1":[0,0]}}
,"/home/runner/work/N-D-B/N-D-B/Packages/Client/src/common/guards/Permissions/Guild.Guard.ts": {"path":"/home/runner/work/N-D-B/N-D-B/Packages/Client/src/common/guards/Permissions/Guild.Guard.ts","statementMap":{"0":{"start":{"line":10,"column":7},"end":{"line":35,"column":null}},"1":{"start":{"line":12,"column":46},"end":{"line":12,"column":null}},"2":{"start":{"line":13,"column":19},"end":{"line":13,"column":null}},"3":{"start":{"line":14,"column":19},"end":{"line":14,"column":null}},"4":{"start":{"line":18,"column":22},"end":{"line":18,"column":null}},"5":{"start":{"line":19,"column":43},"end":{"line":19,"column":null}},"6":{"start":{"line":21,"column":2},"end":{"line":24,"column":null}},"7":{"start":{"line":22,"column":3},"end":{"line":22,"column":null}},"8":{"start":{"line":23,"column":3},"end":{"line":23,"column":null}},"9":{"start":{"line":26,"column":2},"end":{"line":26,"column":null}},"10":{"start":{"line":30,"column":2},"end":{"line":32,"column":null}},"11":{"start":{"line":10,"column":13},"end":{"line":10,"column":57}}},"fnMap":{"0":{"name":"(anonymous_3)","decl":{"start":{"line":11,"column":8},"end":{"line":11,"column":null}},"loc":{"start":{"line":15,"column":3},"end":{"line":15,"column":null}}},"1":{"name":"(anonymous_4)","decl":{"start":{"line":17,"column":1},"end":{"line":17,"column":14}},"loc":{"start":{"line":17,"column":80},"end":{"line":27,"column":null}}},"2":{"name":"(anonymous_5)","decl":{"start":{"line":29,"column":9},"end":{"line":29,"column":20}},"loc":{"start":{"line":29,"column":45},"end":{"line":34,"column":null}}}},"branchMap":{"0":{"loc":{"start":{"line":21,"column":2},"end":{"line":24,"column":null}},"type":"if","locations":[{"start":{"line":21,"column":2},"end":{"line":24,"column":null}},{"start":{"line":21,"column":2},"end":{"line":24,"column":null}}]},"1":{"loc":{"start":{"line":21,"column":2},"end":{"line":21,"column":116}},"type":"binary-expr","locations":[{"start":{"line":21,"column":7},"end":{"line":21,"column":32}},{"start":{"line":21,"column":32},"end":{"line":21,"column":80}},{"start":{"line":21,"column":80},"end":{"line":21,"column":116}}]},"2":{"loc":{"start":{"line":31,"column":3},"end":{"line":32,"column":null}},"type":"binary-expr","locations":[{"start":{"line":31,"column":3},"end":{"line":31,"column":null}},{"start":{"line":32,"column":3},"end":{"line":32,"column":null}}]}},"s":{"0":0,"1":0,"2":0,"3":0,"4":0,"5":0,"6":0,"7":0,"8":0,"9":0,"10":0,"11":0},"f":{"0":0,"1":0,"2":0},"b":{"0":[0,0],"1":[0,0,0],"2":[0,0]}}
,"/home/runner/work/N-D-B/N-D-B/Packages/Client/src/common/guards/Permissions/Owner.Guard.ts": {"path":"/home/runner/work/N-D-B/N-D-B/Packages/Client/src/common/guards/Permissions/Owner.Guard.ts","statementMap":{"0":{"start":{"line":10,"column":7},"end":{"line":32,"column":null}},"1":{"start":{"line":12,"column":46},"end":{"line":12,"column":null}},"2":{"start":{"line":13,"column":19},"end":{"line":13,"column":null}},"3":{"start":{"line":14,"column":19},"end":{"line":14,"column":null}},"4":{"start":{"line":18,"column":22},"end":{"line":18,"column":null}},"5":{"start":{"line":19,"column":22},"end":{"line":19,"column":null}},"6":{"start":{"line":21,"column":2},"end":{"line":24,"column":null}},"7":{"start":{"line":22,"column":3},"end":{"line":22,"column":null}},"8":{"start":{"line":23,"column":3},"end":{"line":23,"column":null}},"9":{"start":{"line":26,"column":2},"end":{"line":26,"column":null}},"10":{"start":{"line":30,"column":2},"end":{"line":30,"column":null}},"11":{"start":{"line":10,"column":13},"end":{"line":10,"column":57}}},"fnMap":{"0":{"name":"(anonymous_3)","decl":{"start":{"line":11,"column":8},"end":{"line":11,"column":null}},"loc":{"start":{"line":15,"column":3},"end":{"line":15,"column":null}}},"1":{"name":"(anonymous_4)","decl":{"start":{"line":17,"column":1},"end":{"line":17,"column":14}},"loc":{"start":{"line":17,"column":80},"end":{"line":27,"column":null}}},"2":{"name":"(anonymous_5)","decl":{"start":{"line":29,"column":9},"end":{"line":29,"column":20}},"loc":{"start":{"line":29,"column":36},"end":{"line":31,"column":null}}}},"branchMap":{"0":{"loc":{"start":{"line":21,"column":2},"end":{"line":24,"column":null}},"type":"if","locations":[{"start":{"line":21,"column":2},"end":{"line":24,"column":null}},{"start":{"line":21,"column":2},"end":{"line":24,"column":null}}]},"1":{"loc":{"start":{"line":21,"column":6},"end":{"line":21,"column":68}},"type":"binary-expr","locations":[{"start":{"line":21,"column":6},"end":{"line":21,"column":31}},{"start":{"line":21,"column":31},"end":{"line":21,"column":68}}]}},"s":{"0":0,"1":0,"2":0,"3":0,"4":0,"5":0,"6":0,"7":0,"8":0,"9":0,"10":0,"11":0},"f":{"0":0,"1":0,"2":0},"b":{"0":[0,0],"1":[0,0]}}
,"/home/runner/work/N-D-B/N-D-B/Packages/Client/src/common/guards/Permissions/User.Guard.ts": {"path":"/home/runner/work/N-D-B/N-D-B/Packages/Client/src/common/guards/Permissions/User.Guard.ts","statementMap":{"0":{"start":{"line":8,"column":7},"end":{"line":31,"column":null}},"1":{"start":{"line":10,"column":46},"end":{"line":10,"column":null}},"2":{"start":{"line":11,"column":19},"end":{"line":11,"column":null}},"3":{"start":{"line":15,"column":22},"end":{"line":15,"column":null}},"4":{"start":{"line":16,"column":22},"end":{"line":16,"column":null}},"5":{"start":{"line":18,"column":2},"end":{"line":27,"column":null}},"6":{"start":{"line":19,"column":3},"end":{"line":26,"column":null}},"7":{"start":{"line":20,"column":4},"end":{"line":25,"column":null}},"8":{"start":{"line":29,"column":2},"end":{"line":29,"column":null}},"9":{"start":{"line":8,"column":13},"end":{"line":8,"column":56}}},"fnMap":{"0":{"name":"(anonymous_3)","decl":{"start":{"line":9,"column":8},"end":{"line":9,"column":null}},"loc":{"start":{"line":12,"column":3},"end":{"line":12,"column":null}}},"1":{"name":"(anonymous_4)","decl":{"start":{"line":14,"column":1},"end":{"line":14,"column":14}},"loc":{"start":{"line":14,"column":80},"end":{"line":30,"column":null}}}},"branchMap":{"0":{"loc":{"start":{"line":18,"column":2},"end":{"line":27,"column":null}},"type":"if","locations":[{"start":{"line":18,"column":2},"end":{"line":27,"column":null}},{"start":{"line":18,"column":2},"end":{"line":27,"column":null}}]},"1":{"loc":{"start":{"line":19,"column":3},"end":{"line":26,"column":null}},"type":"if","locations":[{"start":{"line":19,"column":3},"end":{"line":26,"column":null}},{"start":{"line":19,"column":3},"end":{"line":26,"column":null}}]}},"s":{"0":0,"1":0,"2":0,"3":0,"4":0,"5":0,"6":0,"7":0,"8":0,"9":0},"f":{"0":0,"1":0},"b":{"0":[0,0],"1":[0,0]}}
,"/home/runner/work/N-D-B/N-D-B/Packages/Client/src/common/interceptors/Axios.interceptor.ts": {"path":"/home/runner/work/N-D-B/N-D-B/Packages/Client/src/common/interceptors/Axios.interceptor.ts","statementMap":{"0":{"start":{"line":6,"column":7},"end":{"line":17,"column":null}},"1":{"start":{"line":8,"column":2},"end":{"line":15,"column":null}},"2":{"start":{"line":10,"column":4},"end":{"line":12,"column":null}},"3":{"start":{"line":11,"column":5},"end":{"line":11,"column":null}},"4":{"start":{"line":13,"column":4},"end":{"line":13,"column":null}},"5":{"start":{"line":6,"column":13},"end":{"line":6,"column":57}}},"fnMap":{"0":{"name":"(anonymous_1)","decl":{"start":{"line":7,"column":1},"end":{"line":7,"column":11}},"loc":{"start":{"line":7,"column":118},"end":{"line":16,"column":null}}},"1":{"name":"(anonymous_2)","decl":{"start":{"line":9,"column":14},"end":{"line":9,"column":15}},"loc":{"start":{"line":9,"column":25},"end":{"line":14,"column":4}}}},"branchMap":{"0":{"loc":{"start":{"line":10,"column":4},"end":{"line":12,"column":null}},"type":"if","locations":[{"start":{"line":10,"column":4},"end":{"line":12,"column":null}},{"start":{"line":10,"column":4},"end":{"line":12,"column":null}}]}},"s":{"0":0,"1":0,"2":0,"3":0,"4":0,"5":0},"f":{"0":0,"1":0},"b":{"0":[0,0]}}
,"/home/runner/work/N-D-B/N-D-B/Packages/Client/src/common/interceptors/Command.interceptor.ts": {"path":"/home/runner/work/N-D-B/N-D-B/Packages/Client/src/common/interceptors/Command.interceptor.ts","statementMap":{"0":{"start":{"line":6,"column":7},"end":{"line":17,"column":null}},"1":{"start":{"line":8,"column":2},"end":{"line":15,"column":null}},"2":{"start":{"line":10,"column":4},"end":{"line":12,"column":null}},"3":{"start":{"line":11,"column":5},"end":{"line":11,"column":null}},"4":{"start":{"line":13,"column":4},"end":{"line":13,"column":null}},"5":{"start":{"line":6,"column":13},"end":{"line":6,"column":59}}},"fnMap":{"0":{"name":"(anonymous_1)","decl":{"start":{"line":7,"column":1},"end":{"line":7,"column":11}},"loc":{"start":{"line":7,"column":118},"end":{"line":16,"column":null}}},"1":{"name":"(anonymous_2)","decl":{"start":{"line":9,"column":14},"end":{"line":9,"column":15}},"loc":{"start":{"line":9,"column":25},"end":{"line":14,"column":4}}}},"branchMap":{"0":{"loc":{"start":{"line":10,"column":4},"end":{"line":12,"column":null}},"type":"if","locations":[{"start":{"line":10,"column":4},"end":{"line":12,"column":null}},{"start":{"line":10,"column":4},"end":{"line":12,"column":null}}]}},"s":{"0":0,"1":0,"2":0,"3":0,"4":0,"5":0},"f":{"0":0,"1":0},"b":{"0":[0,0]}}
,"/home/runner/work/N-D-B/N-D-B/Packages/Client/src/lib/bot.ts": {"path":"/home/runner/work/N-D-B/N-D-B/Packages/Client/src/lib/bot.ts","statementMap":{"0":{"start":{"line":5,"column":1},"end":{"line":5,"column":null}},"1":{"start":{"line":8,"column":0},"end":{"line":8,"column":null}}},"fnMap":{"0":{"name":"bootstrap","decl":{"start":{"line":4,"column":15},"end":{"line":4,"column":27}},"loc":{"start":{"line":4,"column":27},"end":{"line":6,"column":null}}}},"branchMap":{},"s":{"0":0,"1":0},"f":{"0":0},"b":{}}
,"/home/runner/work/N-D-B/N-D-B/Packages/Client/src/lib/sharding.ts": {"path":"/home/runner/work/N-D-B/N-D-B/Packages/Client/src/lib/sharding.ts","statementMap":{"0":{"start":{"line":9,"column":2},"end":{"line":14,"column":null}},"1":{"start":{"line":8,"column":37},"end":{"line":8,"column":60}},"2":{"start":{"line":17,"column":27},"end":{"line":17,"column":null}},"3":{"start":{"line":20,"column":2},"end":{"line":20,"column":null}},"4":{"start":{"line":22,"column":2},"end":{"line":43,"column":null}},"5":{"start":{"line":23,"column":3},"end":{"line":25,"column":null}},"6":{"start":{"line":24,"column":4},"end":{"line":24,"column":null}},"7":{"start":{"line":27,"column":3},"end":{"line":29,"column":null}},"8":{"start":{"line":28,"column":4},"end":{"line":28,"column":null}},"9":{"start":{"line":31,"column":3},"end":{"line":33,"column":null}},"10":{"start":{"line":32,"column":4},"end":{"line":32,"column":null}},"11":{"start":{"line":35,"column":3},"end":{"line":37,"column":null}},"12":{"start":{"line":36,"column":4},"end":{"line":36,"column":null}},"13":{"start":{"line":39,"column":3},"end":{"line":42,"column":null}},"14":{"start":{"line":40,"column":4},"end":{"line":40,"column":null}},"15":{"start":{"line":41,"column":4},"end":{"line":41,"column":null}}},"fnMap":{"0":{"name":"(anonymous_0)","decl":{"start":{"line":8,"column":8},"end":{"line":8,"column":37}},"loc":{"start":{"line":8,"column":60},"end":{"line":15,"column":null}}},"1":{"name":"(anonymous_1)","decl":{"start":{"line":19,"column":1},"end":{"line":19,"column":14}},"loc":{"start":{"line":19,"column":21},"end":{"line":44,"column":null}}},"2":{"name":"(anonymous_2)","decl":{"start":{"line":22,"column":25},"end":{"line":22,"column":26}},"loc":{"start":{"line":22,"column":36},"end":{"line":43,"column":3}}},"3":{"name":"(anonymous_3)","decl":{"start":{"line":23,"column":28},"end":{"line":23,"column":34}},"loc":{"start":{"line":23,"column":34},"end":{"line":25,"column":4}}},"4":{"name":"(anonymous_4)","decl":{"start":{"line":27,"column":21},"end":{"line":27,"column":27}},"loc":{"start":{"line":27,"column":27},"end":{"line":29,"column":4}}},"5":{"name":"(anonymous_5)","decl":{"start":{"line":31,"column":21},"end":{"line":31,"column":27}},"loc":{"start":{"line":31,"column":27},"end":{"line":33,"column":4}}},"6":{"name":"(anonymous_6)","decl":{"start":{"line":35,"column":21},"end":{"line":35,"column":27}},"loc":{"start":{"line":35,"column":27},"end":{"line":37,"column":4}}},"7":{"name":"(anonymous_7)","decl":{"start":{"line":39,"column":21},"end":{"line":39,"column":22}},"loc":{"start":{"line":39,"column":30},"end":{"line":42,"column":4}}}},"branchMap":{},"s":{"0":0,"1":0,"2":0,"3":0,"4":0,"5":0,"6":0,"7":0,"8":0,"9":0,"10":0,"11":0,"12":0,"13":0,"14":0,"15":0},"f":{"0":0,"1":0,"2":0,"3":0,"4":0,"5":0,"6":0,"7":0},"b":{}}
,"/home/runner/work/N-D-B/N-D-B/Packages/Client/src/lib/top.gg-autoposter.ts": {"path":"/home/runner/work/N-D-B/N-D-B/Packages/Client/src/lib/top.gg-autoposter.ts","statementMap":{"0":{"start":{"line":10,"column":2},"end":{"line":14,"column":null}},"1":{"start":{"line":7,"column":19},"end":{"line":7,"column":null}},"2":{"start":{"line":17,"column":27},"end":{"line":17,"column":null}},"3":{"start":{"line":20,"column":2},"end":{"line":20,"column":null}},"4":{"start":{"line":21,"column":2},"end":{"line":23,"column":null}},"5":{"start":{"line":22,"column":3},"end":{"line":22,"column":null}},"6":{"start":{"line":24,"column":2},"end":{"line":28,"column":null}},"7":{"start":{"line":25,"column":3},"end":{"line":25,"column":null}},"8":{"start":{"line":27,"column":3},"end":{"line":27,"column":null}}},"fnMap":{"0":{"name":"(anonymous_0)","decl":{"start":{"line":6,"column":8},"end":{"line":6,"column":null}},"loc":{"start":{"line":9,"column":3},"end":{"line":15,"column":null}}},"1":{"name":"(anonymous_1)","decl":{"start":{"line":19,"column":1},"end":{"line":19,"column":14}},"loc":{"start":{"line":19,"column":21},"end":{"line":29,"column":null}}},"2":{"name":"(anonymous_2)","decl":{"start":{"line":24,"column":20},"end":{"line":24,"column":21}},"loc":{"start":{"line":24,"column":31},"end":{"line":26,"column":3}}},"3":{"name":"(anonymous_3)","decl":{"start":{"line":26,"column":17},"end":{"line":26,"column":18}},"loc":{"start":{"line":26,"column":28},"end":{"line":28,"column":3}}}},"branchMap":{"0":{"loc":{"start":{"line":21,"column":2},"end":{"line":23,"column":null}},"type":"if","locations":[{"start":{"line":21,"column":2},"end":{"line":23,"column":null}},{"start":{"line":21,"column":2},"end":{"line":23,"column":null}}]}},"s":{"0":0,"1":0,"2":0,"3":0,"4":0,"5":0,"6":0,"7":0,"8":0},"f":{"0":0,"1":0,"2":0,"3":0},"b":{"0":[0,0]}}
,"/home/runner/work/N-D-B/N-D-B/Packages/Client/src/modules/api/auth/auth.controller.ts": {"path":"/home/runner/work/N-D-B/N-D-B/Packages/Client/src/modules/api/auth/auth.controller.ts","statementMap":{"0":{"start":{"line":14,"column":7},"end":{"line":43,"column":null}},"1":{"start":{"line":16,"column":42},"end":{"line":16,"column":null}},"2":{"start":{"line":17,"column":19},"end":{"line":17,"column":null}},"3":{"start":{"line":29,"column":14},"end":{"line":29,"column":null}},"4":{"start":{"line":30,"column":2},"end":{"line":34,"column":null}},"5":{"start":{"line":35,"column":2},"end":{"line":35,"column":null}},"6":{"start":{"line":41,"column":2},"end":{"line":41,"column":null}},"7":{"start":{"line":22,"column":8},"end":{"line":22,"column":22}},"8":{"start":{"line":28,"column":14},"end":{"line":28,"column":24}},"9":{"start":{"line":40,"column":8},"end":{"line":40,"column":16}},"10":{"start":{"line":14,"column":13},"end":{"line":14,"column":28}}},"fnMap":{"0":{"name":"(anonymous_3)","decl":{"start":{"line":15,"column":8},"end":{"line":15,"column":null}},"loc":{"start":{"line":18,"column":3},"end":{"line":18,"column":null}}},"1":{"name":"(anonymous_4)","decl":{"start":{"line":22,"column":8},"end":{"line":22,"column":22}},"loc":{"start":{"line":22,"column":22},"end":{"line":22,"column":null}}},"2":{"name":"(anonymous_5)","decl":{"start":{"line":28,"column":1},"end":{"line":28,"column":14}},"loc":{"start":{"line":28,"column":92},"end":{"line":36,"column":null}}},"3":{"name":"(anonymous_6)","decl":{"start":{"line":40,"column":8},"end":{"line":40,"column":16}},"loc":{"start":{"line":40,"column":57},"end":{"line":42,"column":null}}}},"branchMap":{"0":{"loc":{"start":{"line":27,"column":11},"end":{"line":27,"column":97}},"type":"cond-expr","locations":[{"start":{"line":27,"column":28},"end":{"line":27,"column":58}},{"start":{"line":27,"column":58},"end":{"line":27,"column":97}}]}},"s":{"0":0,"1":0,"2":0,"3":0,"4":0,"5":0,"6":0,"7":0,"8":0,"9":0,"10":0},"f":{"0":0,"1":0,"2":0,"3":0},"b":{"0":[0,0]}}
,"/home/runner/work/N-D-B/N-D-B/Packages/Client/src/modules/api/auth/auth.module.ts": {"path":"/home/runner/work/N-D-B/N-D-B/Packages/Client/src/modules/api/auth/auth.module.ts","statementMap":{"0":{"start":{"line":12,"column":40},"end":{"line":15,"column":null}},"1":{"start":{"line":37,"column":7},"end":{"line":37,"column":null}},"2":{"start":{"line":37,"column":13},"end":{"line":37,"column":24}},"3":{"start":{"line":21,"column":49},"end":{"line":26,"column":null}}},"fnMap":{"0":{"name":"(anonymous_1)","decl":{"start":{"line":21,"column":15},"end":{"line":21,"column":22}},"loc":{"start":{"line":21,"column":49},"end":{"line":26,"column":null}}}},"branchMap":{},"s":{"0":0,"1":0,"2":0,"3":0},"f":{"0":0},"b":{}}
,"/home/runner/work/N-D-B/N-D-B/Packages/Client/src/modules/api/auth/auth.service.ts": {"path":"/home/runner/work/N-D-B/N-D-B/Packages/Client/src/modules/api/auth/auth.service.ts","statementMap":{"0":{"start":{"line":11,"column":7},"end":{"line":31,"column":null}},"1":{"start":{"line":13,"column":42},"end":{"line":13,"column":null}},"2":{"start":{"line":14,"column":19},"end":{"line":14,"column":null}},"3":{"start":{"line":18,"column":15},"end":{"line":18,"column":null}},"4":{"start":{"line":19,"column":2},"end":{"line":19,"column":null}},"5":{"start":{"line":23,"column":15},"end":{"line":23,"column":null}},"6":{"start":{"line":24,"column":2},"end":{"line":24,"column":null}},"7":{"start":{"line":28,"column":16},"end":{"line":28,"column":null}},"8":{"start":{"line":29,"column":2},"end":{"line":29,"column":null}},"9":{"start":{"line":11,"column":13},"end":{"line":11,"column":49}}},"fnMap":{"0":{"name":"(anonymous_3)","decl":{"start":{"line":12,"column":8},"end":{"line":12,"column":null}},"loc":{"start":{"line":15,"column":3},"end":{"line":15,"column":null}}},"1":{"name":"(anonymous_4)","decl":{"start":{"line":17,"column":1},"end":{"line":17,"column":14}},"loc":{"start":{"line":17,"column":66},"end":{"line":20,"column":null}}},"2":{"name":"(anonymous_5)","decl":{"start":{"line":22,"column":1},"end":{"line":22,"column":14}},"loc":{"start":{"line":22,"column":39},"end":{"line":25,"column":null}}},"3":{"name":"(anonymous_6)","decl":{"start":{"line":27,"column":1},"end":{"line":27,"column":14}},"loc":{"start":{"line":27,"column":58},"end":{"line":30,"column":null}}}},"branchMap":{"0":{"loc":{"start":{"line":19,"column":9},"end":{"line":19,"column":null}},"type":"cond-expr","locations":[{"start":{"line":19,"column":16},"end":{"line":19,"column":59}},{"start":{"line":19,"column":59},"end":{"line":19,"column":null}}]}},"s":{"0":0,"1":0,"2":0,"3":0,"4":0,"5":0,"6":0,"7":0,"8":0,"9":0},"f":{"0":0,"1":0,"2":0,"3":0},"b":{"0":[0,0]}}
,"/home/runner/work/N-D-B/N-D-B/Packages/Client/src/modules/api/auth/strategies/discord.strategy.ts": {"path":"/home/runner/work/N-D-B/N-D-B/Packages/Client/src/modules/api/auth/strategies/discord.strategy.ts","statementMap":{"0":{"start":{"line":10,"column":7},"end":{"line":36,"column":null}},"1":{"start":{"line":15,"column":18},"end":{"line":15,"column":null}},"2":{"start":{"line":16,"column":2},"end":{"line":21,"column":null}},"3":{"start":{"line":12,"column":42},"end":{"line":12,"column":null}},"4":{"start":{"line":13,"column":19},"end":{"line":13,"column":null}},"5":{"start":{"line":25,"column":42},"end":{"line":25,"column":null}},"6":{"start":{"line":26,"column":18},"end":{"line":33,"column":null}},"7":{"start":{"line":34,"column":2},"end":{"line":34,"column":null}},"8":{"start":{"line":10,"column":13},"end":{"line":10,"column":37}}},"fnMap":{"0":{"name":"(anonymous_3)","decl":{"start":{"line":11,"column":1},"end":{"line":11,"column":null}},"loc":{"start":{"line":14,"column":3},"end":{"line":22,"column":null}}},"1":{"name":"(anonymous_4)","decl":{"start":{"line":24,"column":1},"end":{"line":24,"column":7}},"loc":{"start":{"line":24,"column":77},"end":{"line":35,"column":null}}}},"branchMap":{},"s":{"0":0,"1":0,"2":0,"3":0,"4":0,"5":0,"6":0,"7":0,"8":0},"f":{"0":0,"1":0},"b":{}}
,"/home/runner/work/N-D-B/N-D-B/Packages/Client/src/modules/api/auth/strategies/jwt.strategy.ts": {"path":"/home/runner/work/N-D-B/N-D-B/Packages/Client/src/modules/api/auth/strategies/jwt.strategy.ts","statementMap":{"0":{"start":{"line":13,"column":7},"end":{"line":37,"column":null}},"1":{"start":{"line":18,"column":2},"end":{"line":27,"column":null}},"2":{"start":{"line":21,"column":18},"end":{"line":21,"column":null}},"3":{"start":{"line":22,"column":5},"end":{"line":22,"column":null}},"4":{"start":{"line":15,"column":42},"end":{"line":15,"column":null}},"5":{"start":{"line":16,"column":19},"end":{"line":16,"column":null}},"6":{"start":{"line":31,"column":15},"end":{"line":31,"column":null}},"7":{"start":{"line":32,"column":2},"end":{"line":34,"column":null}},"8":{"start":{"line":33,"column":3},"end":{"line":33,"column":null}},"9":{"start":{"line":35,"column":2},"end":{"line":35,"column":null}},"10":{"start":{"line":13,"column":13},"end":{"line":13,"column":33}}},"fnMap":{"0":{"name":"(anonymous_3)","decl":{"start":{"line":14,"column":1},"end":{"line":14,"column":null}},"loc":{"start":{"line":17,"column":3},"end":{"line":28,"column":null}}},"1":{"name":"(anonymous_4)","decl":{"start":{"line":20,"column":4},"end":{"line":20,"column":5}},"loc":{"start":{"line":20,"column":33},"end":{"line":23,"column":null}}},"2":{"name":"(anonymous_5)","decl":{"start":{"line":30,"column":1},"end":{"line":30,"column":7}},"loc":{"start":{"line":30,"column":58},"end":{"line":36,"column":null}}}},"branchMap":{"0":{"loc":{"start":{"line":22,"column":12},"end":{"line":22,"column":null}},"type":"cond-expr","locations":[{"start":{"line":22,"column":19},"end":{"line":22,"column":26}},{"start":{"line":22,"column":26},"end":{"line":22,"column":null}}]},"1":{"loc":{"start":{"line":32,"column":2},"end":{"line":34,"column":null}},"type":"if","locations":[{"start":{"line":32,"column":2},"end":{"line":34,"column":null}},{"start":{"line":32,"column":2},"end":{"line":34,"column":null}}]}},"s":{"0":0,"1":0,"2":0,"3":0,"4":0,"5":0,"6":0,"7":0,"8":0,"9":0,"10":0},"f":{"0":0,"1":0,"2":0},"b":{"0":[0,0],"1":[0,0]}}
,"/home/runner/work/N-D-B/N-D-B/Packages/Client/src/modules/api/discord/discord-http.service.ts": {"path":"/home/runner/work/N-D-B/N-D-B/Packages/Client/src/modules/api/discord/discord-http.service.ts","statementMap":{"0":{"start":{"line":13,"column":7},"end":{"line":47,"column":null}},"1":{"start":{"line":15,"column":19},"end":{"line":15,"column":null}},"2":{"start":{"line":16,"column":19},"end":{"line":16,"column":null}},"3":{"start":{"line":20,"column":2},"end":{"line":26,"column":null}},"4":{"start":{"line":30,"column":2},"end":{"line":36,"column":null}},"5":{"start":{"line":39,"column":2},"end":{"line":45,"column":null}},"6":{"start":{"line":13,"column":13},"end":{"line":13,"column":63}}},"fnMap":{"0":{"name":"(anonymous_1)","decl":{"start":{"line":14,"column":8},"end":{"line":14,"column":null}},"loc":{"start":{"line":17,"column":3},"end":{"line":17,"column":null}}},"1":{"name":"(anonymous_2)","decl":{"start":{"line":19,"column":1},"end":{"line":19,"column":14}},"loc":{"start":{"line":19,"column":76},"end":{"line":27,"column":null}}},"2":{"name":"(anonymous_3)","decl":{"start":{"line":29,"column":1},"end":{"line":29,"column":14}},"loc":{"start":{"line":29,"column":96},"end":{"line":37,"column":null}}},"3":{"name":"(anonymous_4)","decl":{"start":{"line":38,"column":1},"end":{"line":38,"column":14}},"loc":{"start":{"line":38,"column":103},"end":{"line":46,"column":null}}}},"branchMap":{},"s":{"0":0,"1":0,"2":0,"3":0,"4":0,"5":0,"6":0},"f":{"0":0,"1":0,"2":0,"3":0},"b":{}}
,"/home/runner/work/N-D-B/N-D-B/Packages/Client/src/modules/api/discord/discord.controller.ts": {"path":"/home/runner/work/N-D-B/N-D-B/Packages/Client/src/modules/api/discord/discord.controller.ts","statementMap":{"0":{"start":{"line":9,"column":7},"end":{"line":28,"column":null}},"1":{"start":{"line":10,"column":63},"end":{"line":10,"column":96}},"2":{"start":{"line":14,"column":2},"end":{"line":14,"column":null}},"3":{"start":{"line":20,"column":2},"end":{"line":20,"column":null}},"4":{"start":{"line":26,"column":2},"end":{"line":26,"column":null}},"5":{"start":{"line":13,"column":14},"end":{"line":13,"column":29}},"6":{"start":{"line":19,"column":14},"end":{"line":19,"column":29}},"7":{"start":{"line":25,"column":14},"end":{"line":25,"column":30}},"8":{"start":{"line":9,"column":13},"end":{"line":9,"column":31}}},"fnMap":{"0":{"name":"(anonymous_3)","decl":{"start":{"line":10,"column":8},"end":{"line":10,"column":21}},"loc":{"start":{"line":10,"column":96},"end":{"line":10,"column":null}}},"1":{"name":"(anonymous_4)","decl":{"start":{"line":13,"column":1},"end":{"line":13,"column":14}},"loc":{"start":{"line":13,"column":29},"end":{"line":15,"column":null}}},"2":{"name":"(anonymous_5)","decl":{"start":{"line":19,"column":1},"end":{"line":19,"column":14}},"loc":{"start":{"line":19,"column":58},"end":{"line":21,"column":null}}},"3":{"name":"(anonymous_6)","decl":{"start":{"line":25,"column":1},"end":{"line":25,"column":14}},"loc":{"start":{"line":25,"column":59},"end":{"line":27,"column":null}}}},"branchMap":{},"s":{"0":0,"1":0,"2":0,"3":0,"4":0,"5":0,"6":0,"7":0,"8":0},"f":{"0":0,"1":0,"2":0,"3":0},"b":{}}
,"/home/runner/work/N-D-B/N-D-B/Packages/Client/src/modules/api/discord/discord.module.ts": {"path":"/home/runner/work/N-D-B/N-D-B/Packages/Client/src/modules/api/discord/discord.module.ts","statementMap":{"0":{"start":{"line":8,"column":67},"end":{"line":17,"column":null}},"1":{"start":{"line":24,"column":7},"end":{"line":24,"column":null}},"2":{"start":{"line":24,"column":13},"end":{"line":24,"column":27}}},"fnMap":{},"branchMap":{},"s":{"0":0,"1":0,"2":0},"f":{},"b":{}}
,"/home/runner/work/N-D-B/N-D-B/Packages/Client/src/modules/api/discord/discord.service.ts": {"path":"/home/runner/work/N-D-B/N-D-B/Packages/Client/src/modules/api/discord/discord.service.ts","statementMap":{"0":{"start":{"line":10,"column":7},"end":{"line":49,"column":null}},"1":{"start":{"line":11,"column":68},"end":{"line":11,"column":101}},"2":{"start":{"line":14,"column":2},"end":{"line":14,"column":null}},"3":{"start":{"line":18,"column":2},"end":{"line":18,"column":null}},"4":{"start":{"line":27,"column":18},"end":{"line":27,"column":null}},"5":{"start":{"line":28,"column":18},"end":{"line":28,"column":null}},"6":{"start":{"line":30,"column":22},"end":{"line":30,"column":null}},"7":{"start":{"line":30,"column":52},"end":{"line":30,"column":102}},"8":{"start":{"line":31,"column":22},"end":{"line":31,"column":null}},"9":{"start":{"line":31,"column":52},"end":{"line":31,"column":57}},"10":{"start":{"line":33,"column":28},"end":{"line":35,"column":null}},"11":{"start":{"line":34,"column":24},"end":{"line":34,"column":null}},"12":{"start":{"line":34,"column":54},"end":{"line":34,"column":71}},"13":{"start":{"line":36,"column":28},"end":{"line":36,"column":null}},"14":{"start":{"line":36,"column":58},"end":{"line":36,"column":96}},"15":{"start":{"line":36,"column":78},"end":{"line":36,"column":95}},"16":{"start":{"line":38,"column":2},"end":{"line":43,"column":null}},"17":{"start":{"line":47,"column":2},"end":{"line":47,"column":null}},"18":{"start":{"line":10,"column":13},"end":{"line":10,"column":55}}},"fnMap":{"0":{"name":"(anonymous_3)","decl":{"start":{"line":11,"column":8},"end":{"line":11,"column":21}},"loc":{"start":{"line":11,"column":101},"end":{"line":11,"column":null}}},"1":{"name":"(anonymous_4)","decl":{"start":{"line":13,"column":1},"end":{"line":13,"column":14}},"loc":{"start":{"line":13,"column":50},"end":{"line":15,"column":null}}},"2":{"name":"(anonymous_5)","decl":{"start":{"line":17,"column":1},"end":{"line":17,"column":14}},"loc":{"start":{"line":17,"column":70},"end":{"line":19,"column":null}}},"3":{"name":"(anonymous_6)","decl":{"start":{"line":21,"column":1},"end":{"line":21,"column":14}},"loc":{"start":{"line":26,"column":4},"end":{"line":44,"column":null}}},"4":{"name":"(anonymous_7)","decl":{"start":{"line":30,"column":37},"end":{"line":30,"column":38}},"loc":{"start":{"line":30,"column":52},"end":{"line":30,"column":102}}},"5":{"name":"(anonymous_8)","decl":{"start":{"line":31,"column":37},"end":{"line":31,"column":38}},"loc":{"start":{"line":31,"column":52},"end":{"line":31,"column":57}}},"6":{"name":"(anonymous_9)","decl":{"start":{"line":34,"column":3},"end":{"line":34,"column":4}},"loc":{"start":{"line":34,"column":24},"end":{"line":34,"column":null}}},"7":{"name":"(anonymous_10)","decl":{"start":{"line":34,"column":37},"end":{"line":34,"column":38}},"loc":{"start":{"line":34,"column":54},"end":{"line":34,"column":71}}},"8":{"name":"(anonymous_11)","decl":{"start":{"line":36,"column":47},"end":{"line":36,"column":48}},"loc":{"start":{"line":36,"column":58},"end":{"line":36,"column":96}}},"9":{"name":"(anonymous_12)","decl":{"start":{"line":36,"column":71},"end":{"line":36,"column":72}},"loc":{"start":{"line":36,"column":78},"end":{"line":36,"column":95}}},"10":{"name":"(anonymous_13)","decl":{"start":{"line":46,"column":1},"end":{"line":46,"column":14}},"loc":{"start":{"line":46,"column":101},"end":{"line":48,"column":null}}}},"branchMap":{"0":{"loc":{"start":{"line":34,"column":24},"end":{"line":34,"column":null}},"type":"binary-expr","locations":[{"start":{"line":34,"column":24},"end":{"line":34,"column":76}},{"start":{"line":34,"column":76},"end":{"line":34,"column":null}}]}},"s":{"0":0,"1":0,"2":0,"3":0,"4":0,"5":0,"6":0,"7":0,"8":0,"9":0,"10":0,"11":0,"12":0,"13":0,"14":0,"15":0,"16":0,"17":0,"18":0},"f":{"0":0,"1":0,"2":0,"3":0,"4":0,"5":0,"6":0,"7":0,"8":0,"9":0,"10":0},"b":{"0":[0,0]}}
,"/home/runner/work/N-D-B/N-D-B/Packages/Client/src/modules/api/guild/guild.dto.ts": {"path":"/home/runner/work/N-D-B/N-D-B/Packages/Client/src/modules/api/guild/guild.dto.ts","statementMap":{"0":{"start":{"line":6,"column":8},"end":{"line":6,"column":null}},"1":{"start":{"line":10,"column":8},"end":{"line":10,"column":null}},"2":{"start":{"line":13,"column":8},"end":{"line":13,"column":null}},"3":{"start":{"line":16,"column":8},"end":{"line":16,"column":null}},"4":{"start":{"line":20,"column":8},"end":{"line":20,"column":null}},"5":{"start":{"line":23,"column":8},"end":{"line":23,"column":null}}},"fnMap":{},"branchMap":{},"s":{"0":0,"1":0,"2":0,"3":0,"4":0,"5":0},"f":{},"b":{}}
,"/home/runner/work/N-D-B/N-D-B/Packages/Client/src/modules/api/user/user.dto.ts": {"path":"/home/runner/work/N-D-B/N-D-B/Packages/Client/src/modules/api/user/user.dto.ts","statementMap":{"0":{"start":{"line":6,"column":8},"end":{"line":6,"column":null}},"1":{"start":{"line":10,"column":8},"end":{"line":10,"column":null}},"2":{"start":{"line":13,"column":8},"end":{"line":13,"column":null}},"3":{"start":{"line":17,"column":8},"end":{"line":17,"column":null}},"4":{"start":{"line":21,"column":8},"end":{"line":21,"column":null}}},"fnMap":{},"branchMap":{},"s":{"0":0,"1":0,"2":0,"3":0,"4":0},"f":{},"b":{}}
,"/home/runner/work/N-D-B/N-D-B/Packages/Client/src/modules/api/user/user.module.ts": {"path":"/home/runner/work/N-D-B/N-D-B/Packages/Client/src/modules/api/user/user.module.ts","statementMap":{"0":{"start":{"line":4,"column":40},"end":{"line":7,"column":null}},"1":{"start":{"line":13,"column":7},"end":{"line":13,"column":null}},"2":{"start":{"line":13,"column":13},"end":{"line":13,"column":24}}},"fnMap":{},"branchMap":{},"s":{"0":0,"1":0,"2":0},"f":{},"b":{}}
,"/home/runner/work/N-D-B/N-D-B/Packages/Client/src/modules/api/user/user.service.ts": {"path":"/home/runner/work/N-D-B/N-D-B/Packages/Client/src/modules/api/user/user.service.ts","statementMap":{"0":{"start":{"line":9,"column":7},"end":{"line":27,"column":null}},"1":{"start":{"line":10,"column":67},"end":{"line":10,"column":100}},"2":{"start":{"line":13,"column":2},"end":{"line":13,"column":null}},"3":{"start":{"line":17,"column":15},"end":{"line":17,"column":null}},"4":{"start":{"line":18,"column":2},"end":{"line":20,"column":null}},"5":{"start":{"line":19,"column":3},"end":{"line":19,"column":null}},"6":{"start":{"line":21,"column":2},"end":{"line":21,"column":null}},"7":{"start":{"line":25,"column":2},"end":{"line":25,"column":null}},"8":{"start":{"line":9,"column":13},"end":{"line":9,"column":49}}},"fnMap":{"0":{"name":"(anonymous_3)","decl":{"start":{"line":10,"column":8},"end":{"line":10,"column":21}},"loc":{"start":{"line":10,"column":100},"end":{"line":10,"column":null}}},"1":{"name":"(anonymous_4)","decl":{"start":{"line":12,"column":1},"end":{"line":12,"column":14}},"loc":{"start":{"line":12,"column":55},"end":{"line":14,"column":null}}},"2":{"name":"(anonymous_5)","decl":{"start":{"line":16,"column":1},"end":{"line":16,"column":14}},"loc":{"start":{"line":16,"column":60},"end":{"line":22,"column":null}}},"3":{"name":"(anonymous_6)","decl":{"start":{"line":24,"column":1},"end":{"line":24,"column":14}},"loc":{"start":{"line":24,"column":60},"end":{"line":26,"column":null}}}},"branchMap":{"0":{"loc":{"start":{"line":18,"column":2},"end":{"line":20,"column":null}},"type":"if","locations":[{"start":{"line":18,"column":2},"end":{"line":20,"column":null}},{"start":{"line":18,"column":2},"end":{"line":20,"column":null}}]},"1":{"loc":{"start":{"line":21,"column":9},"end":{"line":21,"column":null}},"type":"cond-expr","locations":[{"start":{"line":21,"column":16},"end":{"line":21,"column":23}},{"start":{"line":21,"column":23},"end":{"line":21,"column":null}}]}},"s":{"0":0,"1":0,"2":0,"3":0,"4":0,"5":0,"6":0,"7":0,"8":0},"f":{"0":0,"1":0,"2":0,"3":0},"b":{"0":[0,0],"1":[0,0]}}
,"/home/runner/work/N-D-B/N-D-B/Packages/Client/src/modules/bot/commands/Commands.context.ts": {"path":"/home/runner/work/N-D-B/N-D-B/Packages/Client/src/modules/bot/commands/Commands.context.ts","statementMap":{"0":{"start":{"line":38,"column":10},"end":{"line":38,"column":null}},"1":{"start":{"line":39,"column":9},"end":{"line":39,"column":null}},"2":{"start":{"line":41,"column":9},"end":{"line":41,"column":null}},"3":{"start":{"line":42,"column":9},"end":{"line":42,"column":null}},"4":{"start":{"line":44,"column":2},"end":{"line":44,"column":null}},"5":{"start":{"line":45,"column":2},"end":{"line":45,"column":null}},"6":{"start":{"line":49,"column":2},"end":{"line":49,"column":null}},"7":{"start":{"line":50,"column":2},"end":{"line":50,"column":null}},"8":{"start":{"line":51,"column":2},"end":{"line":51,"column":null}},"9":{"start":{"line":52,"column":2},"end":{"line":52,"column":null}},"10":{"start":{"line":53,"column":2},"end":{"line":53,"column":null}},"11":{"start":{"line":54,"column":2},"end":{"line":54,"column":null}},"12":{"start":{"line":55,"column":2},"end":{"line":55,"column":null}},"13":{"start":{"line":56,"column":2},"end":{"line":56,"column":null}},"14":{"start":{"line":57,"column":2},"end":{"line":60,"column":null}},"15":{"start":{"line":58,"column":3},"end":{"line":58,"column":null}},"16":{"start":{"line":59,"column":3},"end":{"line":59,"column":null}},"17":{"start":{"line":61,"column":2},"end":{"line":61,"column":null}},"18":{"start":{"line":62,"column":2},"end":{"line":62,"column":null}},"19":{"start":{"line":66,"column":2},"end":{"line":66,"column":null}},"20":{"start":{"line":73,"column":2},"end":{"line":79,"column":null}},"21":{"start":{"line":77,"column":69},"end":{"line":77,"column":86}},"22":{"start":{"line":83,"column":2},"end":{"line":86,"column":null}},"23":{"start":{"line":84,"column":3},"end":{"line":84,"column":null}},"24":{"start":{"line":85,"column":3},"end":{"line":85,"column":null}},"25":{"start":{"line":87,"column":2},"end":{"line":87,"column":null}},"26":{"start":{"line":88,"column":2},"end":{"line":88,"column":null}},"27":{"start":{"line":92,"column":2},"end":{"line":95,"column":null}},"28":{"start":{"line":93,"column":3},"end":{"line":93,"column":null}},"29":{"start":{"line":94,"column":3},"end":{"line":94,"column":null}},"30":{"start":{"line":96,"column":2},"end":{"line":96,"column":null}},"31":{"start":{"line":97,"column":2},"end":{"line":97,"column":null}},"32":{"start":{"line":101,"column":2},"end":{"line":101,"column":null}},"33":{"start":{"line":102,"column":2},"end":{"line":102,"column":null}},"34":{"start":{"line":106,"column":2},"end":{"line":108,"column":null}},"35":{"start":{"line":107,"column":3},"end":{"line":107,"column":null}},"36":{"start":{"line":109,"column":2},"end":{"line":109,"column":null}},"37":{"start":{"line":113,"column":2},"end":{"line":113,"column":null}},"38":{"start":{"line":117,"column":2},"end":{"line":119,"column":null}},"39":{"start":{"line":118,"column":3},"end":{"line":118,"column":null}},"40":{"start":{"line":123,"column":2},"end":{"line":123,"column":null}},"41":{"start":{"line":127,"column":2},"end":{"line":129,"column":null}},"42":{"start":{"line":128,"column":3},"end":{"line":128,"column":null}},"43":{"start":{"line":130,"column":2},"end":{"line":130,"column":null}},"44":{"start":{"line":134,"column":14},"end":{"line":134,"column":null}},"45":{"start":{"line":135,"column":2},"end":{"line":137,"column":null}},"46":{"start":{"line":136,"column":3},"end":{"line":136,"column":null}},"47":{"start":{"line":138,"column":2},"end":{"line":138,"column":null}},"48":{"start":{"line":142,"column":14},"end":{"line":142,"column":null}},"49":{"start":{"line":143,"column":2},"end":{"line":143,"column":null}},"50":{"start":{"line":147,"column":14},"end":{"line":147,"column":null}},"51":{"start":{"line":148,"column":2},"end":{"line":150,"column":null}},"52":{"start":{"line":149,"column":3},"end":{"line":149,"column":null}},"53":{"start":{"line":151,"column":2},"end":{"line":151,"column":null}},"54":{"start":{"line":155,"column":2},"end":{"line":155,"column":null}}},"fnMap":{"0":{"name":"(anonymous_0)","decl":{"start":{"line":37,"column":8},"end":{"line":37,"column":null}},"loc":{"start":{"line":43,"column":3},"end":{"line":46,"column":null}}},"1":{"name":"(anonymous_1)","decl":{"start":{"line":48,"column":1},"end":{"line":48,"column":15}},"loc":{"start":{"line":48,"column":57},"end":{"line":63,"column":null}}},"2":{"name":"(anonymous_2)","decl":{"start":{"line":65,"column":9},"end":{"line":65,"column":18}},"loc":{"start":{"line":65,"column":34},"end":{"line":67,"column":null}}},"3":{"name":"(anonymous_3)","decl":{"start":{"line":72,"column":8},"end":{"line":72,"column":15}},"loc":{"start":{"line":72,"column":47},"end":{"line":80,"column":null}}},"4":{"name":"(anonymous_4)","decl":{"start":{"line":77,"column":60},"end":{"line":77,"column":61}},"loc":{"start":{"line":77,"column":69},"end":{"line":77,"column":86}}},"5":{"name":"(anonymous_5)","decl":{"start":{"line":82,"column":1},"end":{"line":82,"column":14}},"loc":{"start":{"line":82,"column":37},"end":{"line":89,"column":null}}},"6":{"name":"(anonymous_6)","decl":{"start":{"line":91,"column":1},"end":{"line":91,"column":14}},"loc":{"start":{"line":91,"column":38},"end":{"line":98,"column":null}}},"7":{"name":"(anonymous_7)","decl":{"start":{"line":100,"column":1},"end":{"line":100,"column":14}},"loc":{"start":{"line":100,"column":45},"end":{"line":103,"column":null}}},"8":{"name":"(anonymous_8)","decl":{"start":{"line":105,"column":1},"end":{"line":105,"column":14}},"loc":{"start":{"line":105,"column":37},"end":{"line":110,"column":null}}},"9":{"name":"(anonymous_9)","decl":{"start":{"line":112,"column":1},"end":{"line":112,"column":14}},"loc":{"start":{"line":112,"column":61},"end":{"line":114,"column":null}}},"10":{"name":"(anonymous_10)","decl":{"start":{"line":116,"column":1},"end":{"line":116,"column":14}},"loc":{"start":{"line":116,"column":23},"end":{"line":120,"column":null}}},"11":{"name":"(anonymous_11)","decl":{"start":{"line":122,"column":1},"end":{"line":122,"column":14}},"loc":{"start":{"line":122,"column":27},"end":{"line":124,"column":null}}},"12":{"name":"(anonymous_12)","decl":{"start":{"line":126,"column":1},"end":{"line":126,"column":14}},"loc":{"start":{"line":126,"column":35},"end":{"line":131,"column":null}}},"13":{"name":"(anonymous_13)","decl":{"start":{"line":133,"column":1},"end":{"line":133,"column":14}},"loc":{"start":{"line":133,"column":73},"end":{"line":139,"column":null}}},"14":{"name":"(anonymous_14)","decl":{"start":{"line":141,"column":1},"end":{"line":141,"column":14}},"loc":{"start":{"line":141,"column":70},"end":{"line":144,"column":null}}},"15":{"name":"(anonymous_15)","decl":{"start":{"line":146,"column":1},"end":{"line":146,"column":14}},"loc":{"start":{"line":146,"column":70},"end":{"line":152,"column":null}}},"16":{"name":"(anonymous_16)","decl":{"start":{"line":154,"column":1},"end":{"line":154,"column":14}},"loc":{"start":{"line":154,"column":26},"end":{"line":156,"column":null}}}},"branchMap":{"0":{"loc":{"start":{"line":50,"column":17},"end":{"line":50,"column":null}},"type":"cond-expr","locations":[{"start":{"line":50,"column":32},"end":{"line":50,"column":40}},{"start":{"line":50,"column":40},"end":{"line":50,"column":null}}]},"1":{"loc":{"start":{"line":51,"column":21},"end":{"line":51,"column":null}},"type":"cond-expr","locations":[{"start":{"line":51,"column":37},"end":{"line":51,"column":75}},{"start":{"line":51,"column":75},"end":{"line":51,"column":null}}]},"2":{"loc":{"start":{"line":52,"column":16},"end":{"line":52,"column":null}},"type":"cond-expr","locations":[{"start":{"line":52,"column":50},"end":{"line":52,"column":72}},{"start":{"line":52,"column":72},"end":{"line":52,"column":null}}]},"3":{"loc":{"start":{"line":57,"column":2},"end":{"line":60,"column":null}},"type":"if","locations":[{"start":{"line":57,"column":2},"end":{"line":60,"column":null}},{"start":{"line":57,"column":2},"end":{"line":60,"column":null}}]},"4":{"loc":{"start":{"line":73,"column":9},"end":{"line":79,"column":null}},"type":"cond-expr","locations":[{"start":{"line":74,"column":6},"end":{"line":74,"column":null}},{"start":{"line":75,"column":7},"end":{"line":79,"column":null}}]},"5":{"loc":{"start":{"line":75,"column":7},"end":{"line":79,"column":null}},"type":"cond-expr","locations":[{"start":{"line":76,"column":7},"end":{"line":78,"column":null}},{"start":{"line":79,"column":8},"end":{"line":79,"column":null}}]},"6":{"loc":{"start":{"line":76,"column":7},"end":{"line":78,"column":null}},"type":"cond-expr","locations":[{"start":{"line":77,"column":9},"end":{"line":77,"column":null}},{"start":{"line":78,"column":9},"end":{"line":78,"column":null}}]},"7":{"loc":{"start":{"line":83,"column":2},"end":{"line":86,"column":null}},"type":"if","locations":[{"start":{"line":83,"column":2},"end":{"line":86,"column":null}},{"start":{"line":83,"column":2},"end":{"line":86,"column":null}}]},"8":{"loc":{"start":{"line":92,"column":2},"end":{"line":95,"column":null}},"type":"if","locations":[{"start":{"line":92,"column":2},"end":{"line":95,"column":null}},{"start":{"line":92,"column":2},"end":{"line":95,"column":null}}]},"9":{"loc":{"start":{"line":106,"column":2},"end":{"line":108,"column":null}},"type":"if","locations":[{"start":{"line":106,"column":2},"end":{"line":108,"column":null}},{"start":{"line":106,"column":2},"end":{"line":108,"column":null}}]},"10":{"loc":{"start":{"line":117,"column":2},"end":{"line":119,"column":null}},"type":"if","locations":[{"start":{"line":117,"column":2},"end":{"line":119,"column":null}},{"start":{"line":117,"column":2},"end":{"line":119,"column":null}}]},"11":{"loc":{"start":{"line":117,"column":6},"end":{"line":117,"column":65}},"type":"binary-expr","locations":[{"start":{"line":117,"column":6},"end":{"line":117,"column":41}},{"start":{"line":117,"column":41},"end":{"line":117,"column":65}}]},"12":{"loc":{"start":{"line":127,"column":2},"end":{"line":129,"column":null}},"type":"if","locations":[{"start":{"line":127,"column":2},"end":{"line":129,"column":null}},{"start":{"line":127,"column":2},"end":{"line":129,"column":null}}]},"13":{"loc":{"start":{"line":135,"column":2},"end":{"line":137,"column":null}},"type":"if","locations":[{"start":{"line":135,"column":2},"end":{"line":137,"column":null}},{"start":{"line":135,"column":2},"end":{"line":137,"column":null}}]},"14":{"loc":{"start":{"line":148,"column":2},"end":{"line":150,"column":null}},"type":"if","locations":[{"start":{"line":148,"column":2},"end":{"line":150,"column":null}},{"start":{"line":148,"column":2},"end":{"line":150,"column":null}}]}},"s":{"0":0,"1":0,"2":0,"3":0,"4":0,"5":0,"6":0,"7":0,"8":0,"9":0,"10":0,"11":0,"12":0,"13":0,"14":0,"15":0,"16":0,"17":0,"18":0,"19":0,"20":0,"21":0,"22":0,"23":0,"24":0,"25":0,"26":0,"27":0,"28":0,"29":0,"30":0,"31":0,"32":0,"33":0,"34":0,"35":0,"36":0,"37":0,"38":0,"39":0,"40":0,"41":0,"42":0,"43":0,"44":0,"45":0,"46":0,"47":0,"48":0,"49":0,"50":0,"51":0,"52":0,"53":0,"54":0},"f":{"0":0,"1":0,"2":0,"3":0,"4":0,"5":0,"6":0,"7":0,"8":0,"9":0,"10":0,"11":0,"12":0,"13":0,"14":0,"15":0,"16":0},"b":{"0":[0,0],"1":[0,0],"2":[0,0],"3":[0,0],"4":[0,0],"5":[0,0],"6":[0,0],"7":[0,0],"8":[0,0],"9":[0,0],"10":[0,0],"11":[0,0],"12":[0,0],"13":[0,0],"14":[0,0]}}
,"/home/runner/work/N-D-B/N-D-B/Packages/Client/src/modules/bot/commands/Commands.discovery.ts": {"path":"/home/runner/work/N-D-B/N-D-B/Packages/Client/src/modules/bot/commands/Commands.discovery.ts","statementMap":{"0":{"start":{"line":7,"column":2},"end":{"line":7,"column":null}},"1":{"start":{"line":13,"column":2},"end":{"line":13,"column":null}},"2":{"start":{"line":23,"column":2},"end":{"line":23,"column":null}},"3":{"start":{"line":24,"column":2},"end":{"line":24,"column":null}},"4":{"start":{"line":28,"column":2},"end":{"line":28,"column":null}},"5":{"start":{"line":29,"column":2},"end":{"line":29,"column":null}},"6":{"start":{"line":33,"column":2},"end":{"line":33,"column":null}},"7":{"start":{"line":34,"column":2},"end":{"line":34,"column":null}}},"fnMap":{"0":{"name":"(anonymous_0)","decl":{"start":{"line":6,"column":17},"end":{"line":6,"column":26}},"loc":{"start":{"line":6,"column":26},"end":{"line":8,"column":null}}},"1":{"name":"(anonymous_1)","decl":{"start":{"line":12,"column":17},"end":{"line":12,"column":26}},"loc":{"start":{"line":12,"column":26},"end":{"line":14,"column":null}}},"2":{"name":"(anonymous_2)","decl":{"start":{"line":22,"column":8},"end":{"line":22,"column":19}},"loc":{"start":{"line":22,"column":43},"end":{"line":25,"column":null}}},"3":{"name":"(anonymous_3)","decl":{"start":{"line":27,"column":8},"end":{"line":27,"column":19}},"loc":{"start":{"line":27,"column":59},"end":{"line":30,"column":null}}},"4":{"name":"(anonymous_4)","decl":{"start":{"line":32,"column":8},"end":{"line":32,"column":22}},"loc":{"start":{"line":32,"column":53},"end":{"line":35,"column":null}}}},"branchMap":{},"s":{"0":0,"1":0,"2":0,"3":0,"4":0,"5":0,"6":0,"7":0},"f":{"0":0,"1":0,"2":0,"3":0,"4":0},"b":{}}
,"/home/runner/work/N-D-B/N-D-B/Packages/Client/src/modules/bot/commands/Commands.module.ts": {"path":"/home/runner/work/N-D-B/N-D-B/Packages/Client/src/modules/bot/commands/Commands.module.ts","statementMap":{"0":{"start":{"line":25,"column":44},"end":{"line":28,"column":null}},"1":{"start":{"line":35,"column":7},"end":{"line":165,"column":null}},"2":{"start":{"line":37,"column":46},"end":{"line":37,"column":null}},"3":{"start":{"line":38,"column":46},"end":{"line":38,"column":null}},"4":{"start":{"line":39,"column":44},"end":{"line":39,"column":null}},"5":{"start":{"line":40,"column":19},"end":{"line":40,"column":null}},"6":{"start":{"line":41,"column":19},"end":{"line":41,"column":null}},"7":{"start":{"line":42,"column":19},"end":{"line":42,"column":null}},"8":{"start":{"line":43,"column":19},"end":{"line":43,"column":null}},"9":{"start":{"line":46,"column":27},"end":{"line":46,"column":null}},"10":{"start":{"line":49,"column":2},"end":{"line":49,"column":null}},"11":{"start":{"line":50,"column":2},"end":{"line":59,"column":null}},"12":{"start":{"line":51,"column":3},"end":{"line":53,"column":null}},"13":{"start":{"line":52,"column":4},"end":{"line":52,"column":null}},"14":{"start":{"line":54,"column":3},"end":{"line":56,"column":null}},"15":{"start":{"line":55,"column":4},"end":{"line":55,"column":null}},"16":{"start":{"line":58,"column":3},"end":{"line":58,"column":null}},"17":{"start":{"line":63,"column":2},"end":{"line":109,"column":null}},"18":{"start":{"line":64,"column":21},"end":{"line":64,"column":null}},"19":{"start":{"line":65,"column":3},"end":{"line":65,"column":null}},"20":{"start":{"line":65,"column":27},"end":{"line":65,"column":null}},"21":{"start":{"line":66,"column":22},"end":{"line":66,"column":null}},"22":{"start":{"line":67,"column":3},"end":{"line":70,"column":null}},"23":{"start":{"line":68,"column":24},"end":{"line":68,"column":null}},"24":{"start":{"line":69,"column":4},"end":{"line":69,"column":null}},"25":{"start":{"line":72,"column":22},"end":{"line":72,"column":null}},"26":{"start":{"line":74,"column":30},"end":{"line":74,"column":null}},"27":{"start":{"line":75,"column":18},"end":{"line":79,"column":null}},"28":{"start":{"line":81,"column":3},"end":{"line":95,"column":null}},"29":{"start":{"line":82,"column":4},"end":{"line":82,"column":null}},"30":{"start":{"line":83,"column":26},"end":{"line":91,"column":null}},"31":{"start":{"line":92,"column":4},"end":{"line":92,"column":null}},"32":{"start":{"line":93,"column":4},"end":{"line":93,"column":null}},"33":{"start":{"line":94,"column":4},"end":{"line":94,"column":null}},"34":{"start":{"line":97,"column":3},"end":{"line":104,"column":null}},"35":{"start":{"line":98,"column":4},"end":{"line":98,"column":null}},"36":{"start":{"line":100,"column":19},"end":{"line":100,"column":null}},"37":{"start":{"line":101,"column":4},"end":{"line":103,"column":null}},"38":{"start":{"line":102,"column":5},"end":{"line":102,"column":null}},"39":{"start":{"line":106,"column":3},"end":{"line":108,"column":null}},"40":{"start":{"line":107,"column":4},"end":{"line":107,"column":null}},"41":{"start":{"line":111,"column":2},"end":{"line":114,"column":null}},"42":{"start":{"line":112,"column":3},"end":{"line":113,"column":null}},"43":{"start":{"line":113,"column":4},"end":{"line":113,"column":null}},"44":{"start":{"line":118,"column":2},"end":{"line":126,"column":null}},"45":{"start":{"line":119,"column":20},"end":{"line":119,"column":null}},"46":{"start":{"line":120,"column":3},"end":{"line":124,"column":null}},"47":{"start":{"line":121,"column":4},"end":{"line":121,"column":null}},"48":{"start":{"line":122,"column":4},"end":{"line":122,"column":null}},"49":{"start":{"line":123,"column":4},"end":{"line":123,"column":null}},"50":{"start":{"line":125,"column":3},"end":{"line":125,"column":null}},"51":{"start":{"line":127,"column":20},"end":{"line":127,"column":null}},"52":{"start":{"line":128,"column":2},"end":{"line":132,"column":null}},"53":{"start":{"line":129,"column":3},"end":{"line":129,"column":null}},"54":{"start":{"line":130,"column":3},"end":{"line":130,"column":null}},"55":{"start":{"line":131,"column":3},"end":{"line":131,"column":null}},"56":{"start":{"line":133,"column":2},"end":{"line":133,"column":null}},"57":{"start":{"line":137,"column":18},"end":{"line":137,"column":null}},"58":{"start":{"line":139,"column":14},"end":{"line":139,"column":null}},"59":{"start":{"line":140,"column":14},"end":{"line":140,"column":null}},"60":{"start":{"line":142,"column":2},"end":{"line":145,"column":null}},"61":{"start":{"line":143,"column":3},"end":{"line":143,"column":null}},"62":{"start":{"line":144,"column":3},"end":{"line":144,"column":null}},"63":{"start":{"line":146,"column":18},"end":{"line":146,"column":null}},"64":{"start":{"line":148,"column":2},"end":{"line":163,"column":null}},"65":{"start":{"line":35,"column":13},"end":{"line":35,"column":76}}},"fnMap":{"0":{"name":"(anonymous_3)","decl":{"start":{"line":36,"column":8},"end":{"line":36,"column":null}},"loc":{"start":{"line":44,"column":3},"end":{"line":44,"column":null}}},"1":{"name":"(anonymous_4)","decl":{"start":{"line":48,"column":1},"end":{"line":48,"column":14}},"loc":{"start":{"line":48,"column":29},"end":{"line":60,"column":null}}},"2":{"name":"(anonymous_5)","decl":{"start":{"line":50,"column":35},"end":{"line":50,"column":47}},"loc":{"start":{"line":50,"column":47},"end":{"line":59,"column":3}}},"3":{"name":"(anonymous_6)","decl":{"start":{"line":62,"column":1},"end":{"line":62,"column":14}},"loc":{"start":{"line":62,"column":39},"end":{"line":115,"column":null}}},"4":{"name":"(anonymous_7)","decl":{"start":{"line":63,"column":34},"end":{"line":63,"column":41}},"loc":{"start":{"line":63,"column":53},"end":{"line":109,"column":3}}},"5":{"name":"(anonymous_8)","decl":{"start":{"line":111,"column":38},"end":{"line":111,"column":45}},"loc":{"start":{"line":111,"column":61},"end":{"line":114,"column":3}}},"6":{"name":"(anonymous_9)","decl":{"start":{"line":117,"column":1},"end":{"line":117,"column":15}},"loc":{"start":{"line":117,"column":69},"end":{"line":134,"column":null}}},"7":{"name":"(anonymous_10)","decl":{"start":{"line":136,"column":1},"end":{"line":136,"column":15}},"loc":{"start":{"line":136,"column":103},"end":{"line":164,"column":null}}}},"branchMap":{"0":{"loc":{"start":{"line":65,"column":3},"end":{"line":65,"column":null}},"type":"if","locations":[{"start":{"line":65,"column":3},"end":{"line":65,"column":null}},{"start":{"line":65,"column":3},"end":{"line":65,"column":null}}]},"1":{"loc":{"start":{"line":67,"column":3},"end":{"line":70,"column":null}},"type":"if","locations":[{"start":{"line":67,"column":3},"end":{"line":70,"column":null}},{"start":{"line":67,"column":3},"end":{"line":70,"column":null}}]},"2":{"loc":{"start":{"line":75,"column":18},"end":{"line":79,"column":null}},"type":"cond-expr","locations":[{"start":{"line":76,"column":6},"end":{"line":76,"column":null}},{"start":{"line":77,"column":6},"end":{"line":79,"column":null}}]},"3":{"loc":{"start":{"line":77,"column":6},"end":{"line":79,"column":null}},"type":"cond-expr","locations":[{"start":{"line":78,"column":8},"end":{"line":78,"column":null}},{"start":{"line":79,"column":8},"end":{"line":79,"column":null}}]},"4":{"loc":{"start":{"line":81,"column":3},"end":{"line":95,"column":null}},"type":"if","locations":[{"start":{"line":81,"column":3},"end":{"line":95,"column":null}},{"start":{"line":81,"column":3},"end":{"line":95,"column":null}}]},"5":{"loc":{"start":{"line":97,"column":3},"end":{"line":104,"column":null}},"type":"if","locations":[{"start":{"line":97,"column":3},"end":{"line":104,"column":null}},{"start":{"line":99,"column":10},"end":{"line":104,"column":null}}]},"6":{"loc":{"start":{"line":101,"column":4},"end":{"line":103,"column":null}},"type":"if","locations":[{"start":{"line":101,"column":4},"end":{"line":103,"column":null}},{"start":{"line":101,"column":4},"end":{"line":103,"column":null}}]},"7":{"loc":{"start":{"line":106,"column":3},"end":{"line":108,"column":null}},"type":"if","locations":[{"start":{"line":106,"column":3},"end":{"line":108,"column":null}},{"start":{"line":106,"column":3},"end":{"line":108,"column":null}}]},"8":{"loc":{"start":{"line":112,"column":3},"end":{"line":113,"column":null}},"type":"if","locations":[{"start":{"line":112,"column":3},"end":{"line":113,"column":null}},{"start":{"line":112,"column":3},"end":{"line":113,"column":null}}]},"9":{"loc":{"start":{"line":118,"column":2},"end":{"line":126,"column":null}},"type":"if","locations":[{"start":{"line":118,"column":2},"end":{"line":126,"column":null}},{"start":{"line":118,"column":2},"end":{"line":126,"column":null}}]},"10":{"loc":{"start":{"line":120,"column":3},"end":{"line":124,"column":null}},"type":"if","locations":[{"start":{"line":120,"column":3},"end":{"line":124,"column":null}},{"start":{"line":120,"column":3},"end":{"line":124,"column":null}}]},"11":{"loc":{"start":{"line":128,"column":2},"end":{"line":132,"column":null}},"type":"if","locations":[{"start":{"line":128,"column":2},"end":{"line":132,"column":null}},{"start":{"line":128,"column":2},"end":{"line":132,"column":null}}]},"12":{"loc":{"start":{"line":142,"column":2},"end":{"line":145,"column":null}},"type":"if","locations":[{"start":{"line":142,"column":2},"end":{"line":145,"column":null}},{"start":{"line":142,"column":2},"end":{"line":145,"column":null}}]},"13":{"loc":{"start":{"line":146,"column":43},"end":{"line":146,"column":68}},"type":"cond-expr","locations":[{"start":{"line":146,"column":53},"end":{"line":146,"column":62}},{"start":{"line":146,"column":62},"end":{"line":146,"column":68}}]},"14":{"loc":{"start":{"line":148,"column":27},"end":{"line":148,"column":71}},"type":"cond-expr","locations":[{"start":{"line":148,"column":37},"end":{"line":148,"column":55}},{"start":{"line":148,"column":55},"end":{"line":148,"column":71}}]}},"s":{"0":0,"1":0,"2":0,"3":0,"4":0,"5":0,"6":0,"7":0,"8":0,"9":0,"10":0,"11":0,"12":0,"13":0,"14":0,"15":0,"16":0,"17":0,"18":0,"19":0,"20":0,"21":0,"22":0,"23":0,"24":0,"25":0,"26":0,"27":0,"28":0,"29":0,"30":0,"31":0,"32":0,"33":0,"34":0,"35":0,"36":0,"37":0,"38":0,"39":0,"40":0,"41":0,"42":0,"43":0,"44":0,"45":0,"46":0,"47":0,"48":0,"49":0,"50":0,"51":0,"52":0,"53":0,"54":0,"55":0,"56":0,"57":0,"58":0,"59":0,"60":0,"61":0,"62":0,"63":0,"64":0,"65":0},"f":{"0":0,"1":0,"2":0,"3":0,"4":0,"5":0,"6":0,"7":0},"b":{"0":[0,0],"1":[0,0],"2":[0,0],"3":[0,0],"4":[0,0],"5":[0,0],"6":[0,0],"7":[0,0],"8":[0,0],"9":[0,0],"10":[0,0],"11":[0,0],"12":[0,0],"13":[0,0],"14":[0,0]}}
,"/home/runner/work/N-D-B/N-D-B/Packages/Client/src/modules/bot/commands/Commands.service.ts": {"path":"/home/runner/work/N-D-B/N-D-B/Packages/Client/src/modules/bot/commands/Commands.service.ts","statementMap":{"0":{"start":{"line":15,"column":7},"end":{"line":102,"column":null}},"1":{"start":{"line":17,"column":46},"end":{"line":17,"column":null}},"2":{"start":{"line":18,"column":19},"end":{"line":18,"column":null}},"3":{"start":{"line":19,"column":19},"end":{"line":19,"column":null}},"4":{"start":{"line":20,"column":19},"end":{"line":20,"column":null}},"5":{"start":{"line":24,"column":14},"end":{"line":24,"column":null}},"6":{"start":{"line":25,"column":17},"end":{"line":25,"column":null}},"7":{"start":{"line":26,"column":18},"end":{"line":26,"column":null}},"8":{"start":{"line":28,"column":2},"end":{"line":35,"column":null}},"9":{"start":{"line":29,"column":3},"end":{"line":29,"column":null}},"10":{"start":{"line":30,"column":3},"end":{"line":34,"column":null}},"11":{"start":{"line":31,"column":4},"end":{"line":33,"column":null}},"12":{"start":{"line":32,"column":5},"end":{"line":32,"column":null}},"13":{"start":{"line":39,"column":14},"end":{"line":39,"column":null}},"14":{"start":{"line":40,"column":16},"end":{"line":40,"column":null}},"15":{"start":{"line":41,"column":14},"end":{"line":41,"column":null}},"16":{"start":{"line":42,"column":22},"end":{"line":42,"column":null}},"17":{"start":{"line":44,"column":2},"end":{"line":46,"column":null}},"18":{"start":{"line":45,"column":3},"end":{"line":45,"column":null}},"19":{"start":{"line":48,"column":2},"end":{"line":73,"column":null}},"20":{"start":{"line":49,"column":3},"end":{"line":72,"column":null}},"21":{"start":{"line":50,"column":17},"end":{"line":50,"column":null}},"22":{"start":{"line":51,"column":4},"end":{"line":51,"column":null}},"23":{"start":{"line":52,"column":32},"end":{"line":52,"column":null}},"24":{"start":{"line":53,"column":26},"end":{"line":55,"column":null}},"25":{"start":{"line":56,"column":30},"end":{"line":58,"column":null}},"26":{"start":{"line":59,"column":4},"end":{"line":61,"column":null}},"27":{"start":{"line":60,"column":5},"end":{"line":60,"column":null}},"28":{"start":{"line":63,"column":4},"end":{"line":65,"column":null}},"29":{"start":{"line":64,"column":5},"end":{"line":64,"column":null}},"30":{"start":{"line":67,"column":4},"end":{"line":69,"column":null}},"31":{"start":{"line":68,"column":5},"end":{"line":68,"column":null}},"32":{"start":{"line":71,"column":4},"end":{"line":71,"column":null}},"33":{"start":{"line":75,"column":2},"end":{"line":78,"column":null}},"34":{"start":{"line":76,"column":3},"end":{"line":76,"column":null}},"35":{"start":{"line":76,"column":20},"end":{"line":76,"column":null}},"36":{"start":{"line":77,"column":3},"end":{"line":77,"column":null}},"37":{"start":{"line":82,"column":2},"end":{"line":88,"column":null}},"38":{"start":{"line":83,"column":3},"end":{"line":85,"column":null}},"39":{"start":{"line":84,"column":4},"end":{"line":84,"column":null}},"40":{"start":{"line":87,"column":3},"end":{"line":87,"column":null}},"41":{"start":{"line":90,"column":2},"end":{"line":90,"column":null}},"42":{"start":{"line":94,"column":2},"end":{"line":99,"column":null}},"43":{"start":{"line":15,"column":13},"end":{"line":15,"column":57}}},"fnMap":{"0":{"name":"(anonymous_3)","decl":{"start":{"line":16,"column":8},"end":{"line":16,"column":null}},"loc":{"start":{"line":21,"column":3},"end":{"line":21,"column":null}}},"1":{"name":"(anonymous_4)","decl":{"start":{"line":23,"column":1},"end":{"line":23,"column":14}},"loc":{"start":{"line":23,"column":74},"end":{"line":36,"column":null}}},"2":{"name":"(anonymous_5)","decl":{"start":{"line":38,"column":1},"end":{"line":38,"column":14}},"loc":{"start":{"line":38,"column":72},"end":{"line":79,"column":null}}},"3":{"name":"(anonymous_6)","decl":{"start":{"line":81,"column":1},"end":{"line":81,"column":14}},"loc":{"start":{"line":81,"column":112},"end":{"line":91,"column":null}}},"4":{"name":"(anonymous_7)","decl":{"start":{"line":93,"column":9},"end":{"line":93,"column":24}},"loc":{"start":{"line":93,"column":45},"end":{"line":101,"column":null}}}},"branchMap":{"0":{"loc":{"start":{"line":28,"column":2},"end":{"line":35,"column":null}},"type":"if","locations":[{"start":{"line":28,"column":2},"end":{"line":35,"column":null}},{"start":{"line":28,"column":2},"end":{"line":35,"column":null}}]},"1":{"loc":{"start":{"line":28,"column":6},"end":{"line":28,"column":63}},"type":"binary-expr","locations":[{"start":{"line":28,"column":6},"end":{"line":28,"column":16}},{"start":{"line":28,"column":16},"end":{"line":28,"column":63}}]},"2":{"loc":{"start":{"line":30,"column":3},"end":{"line":34,"column":null}},"type":"if","locations":[{"start":{"line":30,"column":3},"end":{"line":34,"column":null}},{"start":{"line":30,"column":3},"end":{"line":34,"column":null}}]},"3":{"loc":{"start":{"line":44,"column":2},"end":{"line":46,"column":null}},"type":"if","locations":[{"start":{"line":44,"column":2},"end":{"line":46,"column":null}},{"start":{"line":44,"column":2},"end":{"line":46,"column":null}}]},"4":{"loc":{"start":{"line":48,"column":2},"end":{"line":73,"column":null}},"type":"if","locations":[{"start":{"line":48,"column":2},"end":{"line":73,"column":null}},{"start":{"line":48,"column":2},"end":{"line":73,"column":null}}]},"5":{"loc":{"start":{"line":48,"column":6},"end":{"line":48,"column":88}},"type":"binary-expr","locations":[{"start":{"line":48,"column":6},"end":{"line":48,"column":32}},{"start":{"line":48,"column":32},"end":{"line":48,"column":88}}]},"6":{"loc":{"start":{"line":59,"column":4},"end":{"line":61,"column":null}},"type":"if","locations":[{"start":{"line":59,"column":4},"end":{"line":61,"column":null}},{"start":{"line":59,"column":4},"end":{"line":61,"column":null}}]},"7":{"loc":{"start":{"line":63,"column":4},"end":{"line":65,"column":null}},"type":"if","locations":[{"start":{"line":63,"column":4},"end":{"line":65,"
[...]
start":{"line":43,"column":2},"end":{"line":43,"column":null}},"9":{"start":{"line":44,"column":2},"end":{"line":47,"column":null}},"10":{"start":{"line":51,"column":2},"end":{"line":60,"column":null}},"11":{"start":{"line":64,"column":2},"end":{"line":69,"column":null}},"12":{"start":{"line":73,"column":2},"end":{"line":77,"column":null}},"13":{"start":{"line":74,"column":3},"end":{"line":76,"column":null}},"14":{"start":{"line":75,"column":4},"end":{"line":75,"column":null}},"15":{"start":{"line":78,"column":2},"end":{"line":78,"column":null}},"16":{"start":{"line":10,"column":13},"end":{"line":10,"column":57}}},"fnMap":{"0":{"name":"(anonymous_3)","decl":{"start":{"line":11,"column":8},"end":{"line":11,"column":21}},"loc":{"start":{"line":11,"column":85},"end":{"line":11,"column":null}}},"1":{"name":"(anonymous_4)","decl":{"start":{"line":15,"column":1},"end":{"line":15,"column":14}},"loc":{"start":{"line":15,"column":57},"end":{"line":22,"column":null}}},"2":{"name":"(anonymous_5)","decl":{"start":{"line":24,"column":1},"end":{"line":24,"column":14}},"loc":{"start":{"line":24,"column":102},"end":{"line":48,"column":null}}},"3":{"name":"(anonymous_6)","decl":{"start":{"line":39,"column":10},"end":{"line":39,"column":11}},"loc":{"start":{"line":39,"column":19},"end":{"line":42,"column":4}}},"4":{"name":"(anonymous_7)","decl":{"start":{"line":50,"column":1},"end":{"line":50,"column":14}},"loc":{"start":{"line":50,"column":77},"end":{"line":61,"column":null}}},"5":{"name":"(anonymous_8)","decl":{"start":{"line":63,"column":1},"end":{"line":63,"column":14}},"loc":{"start":{"line":63,"column":57},"end":{"line":70,"column":null}}},"6":{"name":"(anonymous_9)","decl":{"start":{"line":72,"column":1},"end":{"line":72,"column":14}},"loc":{"start":{"line":72,"column":61},"end":{"line":79,"column":null}}},"7":{"name":"(anonymous_10)","decl":{"start":{"line":73,"column":32},"end":{"line":73,"column":33}},"loc":{"start":{"line":73,"column":48},"end":{"line":77,"column":3}}}},"branchMap":{"0":{"loc":{"start":{"line":74,"column":3},"end":{"line":76,"column":null}},"type":"if","locations":[{"start":{"line":74,"column":3},"end":{"line":76,"column":null}},{"start":{"line":74,"column":3},"end":{"line":76,"column":null}}]}},"s":{"0":0,"1":0,"2":0,"3":0,"4":0,"5":0,"6":0,"7":0,"8":0,"9":0,"10":0,"11":0,"12":0,"13":0,"14":0,"15":0,"16":0},"f":{"0":0,"1":0,"2":0,"3":0,"4":0,"5":0,"6":0,"7":0},"b":{"0":[0,0]}}
,"/home/runner/work/N-D-B/N-D-B/Packages/Client/src/modules/shared/database/repositories/Repositories.module.ts": {"path":"/home/runner/work/N-D-B/N-D-B/Packages/Client/src/modules/shared/database/repositories/Repositories.module.ts","statementMap":{"0":{"start":{"line":8,"column":84},"end":{"line":21,"column":null}},"1":{"start":{"line":28,"column":7},"end":{"line":28,"column":null}},"2":{"start":{"line":28,"column":13},"end":{"line":28,"column":32}}},"fnMap":{},"branchMap":{},"s":{"0":0,"1":0,"2":0},"f":{},"b":{}}
,"/home/runner/work/N-D-B/N-D-B/Packages/Client/src/modules/shared/database/repositories/User.repository.ts": {"path":"/home/runner/work/N-D-B/N-D-B/Packages/Client/src/modules/shared/database/repositories/User.repository.ts","statementMap":{"0":{"start":{"line":9,"column":7},"end":{"line":75,"column":null}},"1":{"start":{"line":10,"column":62},"end":{"line":10,"column":85}},"2":{"start":{"line":12,"column":27},"end":{"line":12,"column":null}},"3":{"start":{"line":15,"column":2},"end":{"line":21,"column":null}},"4":{"start":{"line":25,"column":15},"end":{"line":25,"column":null}},"5":{"start":{"line":26,"column":19},"end":{"line":47,"column":null}},"6":{"start":{"line":45,"column":4},"end":{"line":45,"column":null}},"7":{"start":{"line":46,"column":4},"end":{"line":46,"column":null}},"8":{"start":{"line":48,"column":2},"end":{"line":48,"column":null}},"9":{"start":{"line":49,"column":2},"end":{"line":52,"column":null}},"10":{"start":{"line":56,"column":2},"end":{"line":63,"column":null}},"11":{"start":{"line":67,"column":2},"end":{"line":73,"column":null}},"12":{"start":{"line":9,"column":13},"end":{"line":9,"column":55}}},"fnMap":{"0":{"name":"(anonymous_3)","decl":{"start":{"line":10,"column":8},"end":{"line":10,"column":21}},"loc":{"start":{"line":10,"column":85},"end":{"line":10,"column":null}}},"1":{"name":"(anonymous_4)","decl":{"start":{"line":14,"column":1},"end":{"line":14,"column":14}},"loc":{"start":{"line":14,"column":55},"end":{"line":22,"column":null}}},"2":{"name":"(anonymous_5)","decl":{"start":{"line":24,"column":1},"end":{"line":24,"column":14}},"loc":{"start":{"line":24,"column":99},"end":{"line":53,"column":null}}},"3":{"name":"(anonymous_6)","decl":{"start":{"line":44,"column":10},"end":{"line":44,"column":11}},"loc":{"start":{"line":44,"column":19},"end":{"line":47,"column":4}}},"4":{"name":"(anonymous_7)","decl":{"start":{"line":55,"column":1},"end":{"line":55,"column":14}},"loc":{"start":{"line":55,"column":54},"end":{"line":64,"column":null}}},"5":{"name":"(anonymous_8)","decl":{"start":{"line":66,"column":1},"end":{"line":66,"column":14}},"loc":{"start":{"line":66,"column":54},"end":{"line":74,"column":null}}}},"branchMap":{},"s":{"0":0,"1":0,"2":0,"3":0,"4":0,"5":0,"6":0,"7":0,"8":0,"9":0,"10":0,"11":0,"12":0},"f":{"0":0,"1":0,"2":0,"3":0,"4":0,"5":0},"b":{}}
,"/home/runner/work/N-D-B/N-D-B/Packages/Client/src/modules/shared/database/types/constants.ts": {"path":"/home/runner/work/N-D-B/N-D-B/Packages/Client/src/modules/shared/database/types/constants.ts","statementMap":{"0":{"start":{"line":1,"column":7},"end":{"line":1,"column":null}},"1":{"start":{"line":2,"column":1},"end":{"line":2,"column":null}},"2":{"start":{"line":3,"column":1},"end":{"line":3,"column":null}},"3":{"start":{"line":4,"column":1},"end":{"line":4,"column":null}},"4":{"start":{"line":5,"column":1},"end":{"line":5,"column":null}},"5":{"start":{"line":1,"column":12},"end":{"line":1,"column":null}}},"fnMap":{"0":{"name":"(anonymous_0)","decl":{"start":{"line":1,"column":7},"end":{"line":1,"column":12}},"loc":{"start":{"line":1,"column":7},"end":{"line":1,"column":null}}}},"branchMap":{"0":{"loc":{"start":{"line":1,"column":12},"end":{"line":1,"column":null}},"type":"binary-expr","locations":[{"start":{"line":1,"column":12},"end":{"line":1,"column":null}},{"start":{"line":1,"column":12},"end":{"line":1,"column":null}}]}},"s":{"0":0,"1":0,"2":0,"3":0,"4":0,"5":0},"f":{"0":0},"b":{"0":[0,0]}}
,"/home/runner/work/N-D-B/N-D-B/Packages/Client/src/modules/shared/database/types/index.ts": {"path":"/home/runner/work/N-D-B/N-D-B/Packages/Client/src/modules/shared/database/types/index.ts","statementMap":{"0":{"start":{"line":1,"column":7},"end":{"line":1,"column":null}},"1":{"start":{"line":2,"column":1},"end":{"line":2,"column":11}},"2":{"start":{"line":3,"column":1},"end":{"line":3,"column":9}},"3":{"start":{"line":1,"column":12},"end":{"line":1,"column":null}}},"fnMap":{"0":{"name":"(anonymous_0)","decl":{"start":{"line":1,"column":7},"end":{"line":1,"column":12}},"loc":{"start":{"line":1,"column":7},"end":{"line":1,"column":null}}}},"branchMap":{"0":{"loc":{"start":{"line":1,"column":12},"end":{"line":1,"column":null}},"type":"binary-expr","locations":[{"start":{"line":1,"column":12},"end":{"line":1,"column":null}},{"start":{"line":1,"column":12},"end":{"line":1,"column":null}}]}},"s":{"0":0,"1":0,"2":0,"3":0},"f":{"0":0},"b":{"0":[0,0]}}
,"/home/runner/work/N-D-B/N-D-B/Packages/Client/src/types/Constants.ts": {"path":"/home/runner/work/N-D-B/N-D-B/Packages/Client/src/types/Constants.ts","statementMap":{"0":{"start":{"line":2,"column":29},"end":{"line":2,"column":null}},"1":{"start":{"line":4,"column":30},"end":{"line":4,"column":null}},"2":{"start":{"line":6,"column":7},"end":{"line":6,"column":null}},"3":{"start":{"line":7,"column":1},"end":{"line":7,"column":null}},"4":{"start":{"line":8,"column":1},"end":{"line":8,"column":null}},"5":{"start":{"line":9,"column":1},"end":{"line":9,"column":null}},"6":{"start":{"line":10,"column":1},"end":{"line":10,"column":null}},"7":{"start":{"line":11,"column":1},"end":{"line":11,"column":null}},"8":{"start":{"line":12,"column":1},"end":{"line":12,"column":null}},"9":{"start":{"line":13,"column":1},"end":{"line":13,"column":null}},"10":{"start":{"line":6,"column":12},"end":{"line":6,"column":null}},"11":{"start":{"line":16,"column":7},"end":{"line":16,"column":null}},"12":{"start":{"line":17,"column":1},"end":{"line":17,"column":null}},"13":{"start":{"line":18,"column":1},"end":{"line":18,"column":null}},"14":{"start":{"line":16,"column":12},"end":{"line":16,"column":null}},"15":{"start":{"line":21,"column":7},"end":{"line":21,"column":null}},"16":{"start":{"line":22,"column":1},"end":{"line":22,"column":null}},"17":{"start":{"line":23,"column":1},"end":{"line":23,"column":null}},"18":{"start":{"line":24,"column":1},"end":{"line":24,"column":null}},"19":{"start":{"line":25,"column":1},"end":{"line":25,"column":null}},"20":{"start":{"line":21,"column":12},"end":{"line":21,"column":null}},"21":{"start":{"line":28,"column":7},"end":{"line":28,"column":null}},"22":{"start":{"line":29,"column":1},"end":{"line":29,"column":null}},"23":{"start":{"line":28,"column":12},"end":{"line":28,"column":null}}},"fnMap":{"0":{"name":"(anonymous_0)","decl":{"start":{"line":6,"column":7},"end":{"line":6,"column":12}},"loc":{"start":{"line":6,"column":7},"end":{"line":6,"column":null}}},"1":{"name":"(anonymous_1)","decl":{"start":{"line":16,"column":7},"end":{"line":16,"column":12}},"loc":{"start":{"line":16,"column":7},"end":{"line":16,"column":null}}},"2":{"name":"(anonymous_2)","decl":{"start":{"line":21,"column":7},"end":{"line":21,"column":12}},"loc":{"start":{"line":21,"column":7},"end":{"line":21,"column":null}}},"3":{"name":"(anonymous_3)","decl":{"start":{"line":28,"column":7},"end":{"line":28,"column":12}},"loc":{"start":{"line":28,"column":7},"end":{"line":28,"column":null}}}},"branchMap":{"0":{"loc":{"start":{"line":6,"column":12},"end":{"line":6,"column":null}},"type":"binary-expr","locations":[{"start":{"line":6,"column":12},"end":{"line":6,"column":null}},{"start":{"line":6,"column":12},"end":{"line":6,"column":null}}]},"1":{"loc":{"start":{"line":16,"column":12},"end":{"line":16,"column":null}},"type":"binary-expr","locations":[{"start":{"line":16,"column":12},"end":{"line":16,"column":null}},{"start":{"line":16,"column":12},"end":{"line":16,"column":null}}]},"2":{"loc":{"start":{"line":21,"column":12},"end":{"line":21,"column":null}},"type":"binary-expr","locations":[{"start":{"line":21,"column":12},"end":{"line":21,"column":null}},{"start":{"line":21,"column":12},"end":{"line":21,"column":null}}]},"3":{"loc":{"start":{"line":28,"column":12},"end":{"line":28,"column":null}},"type":"binary-expr","locations":[{"start":{"line":28,"column":12},"end":{"line":28,"column":null}},{"start":{"line":28,"column":12},"end":{"line":28,"column":null}}]}},"s":{"0":0,"1":0,"2":0,"3":0,"4":0,"5":0,"6":0,"7":0,"8":0,"9":0,"10":0,"11":0,"12":0,"13":0,"14":0,"15":0,"16":0,"17":0,"18":0,"19":0,"20":0,"21":0,"22":0,"23":0},"f":{"0":0,"1":0,"2":0,"3":0},"b":{"0":[0,0],"1":[0,0],"2":[0,0],"3":[0,0]}}
,"/home/runner/work/N-D-B/N-D-B/Packages/Client/src/utils/ResolveAxiosObservable.ts": {"path":"/home/runner/work/N-D-B/N-D-B/Packages/Client/src/utils/ResolveAxiosObservable.ts","statementMap":{"0":{"start":{"line":7,"column":16},"end":{"line":7,"column":null}},"1":{"start":{"line":8,"column":1},"end":{"line":15,"column":null}},"2":{"start":{"line":11,"column":4},"end":{"line":11,"column":null}},"3":{"start":{"line":12,"column":4},"end":{"line":12,"column":null}}},"fnMap":{"0":{"name":"resolveAxiosObservable","decl":{"start":{"line":6,"column":22},"end":{"line":6,"column":48}},"loc":{"start":{"line":6,"column":83},"end":{"line":16,"column":null}}},"1":{"name":"(anonymous_1)","decl":{"start":{"line":10,"column":14},"end":{"line":10,"column":15}},"loc":{"start":{"line":10,"column":37},"end":{"line":13,"column":4}}}},"branchMap":{},"s":{"0":0,"1":0,"2":0,"3":0},"f":{"0":0,"1":0},"b":{}}
,"/home/runner/work/N-D-B/N-D-B/Packages/Client/src/utils/Tools.ts": {"path":"/home/runner/work/N-D-B/N-D-B/Packages/Client/src/utils/Tools.ts","statementMap":{"0":{"start":{"line":14,"column":21},"end":{"line":38,"column":null}},"1":{"start":{"line":20,"column":14},"end":{"line":20,"column":null}},"2":{"start":{"line":21,"column":14},"end":{"line":21,"column":null}},"3":{"start":{"line":22,"column":15},"end":{"line":22,"column":null}},"4":{"start":{"line":23,"column":17},"end":{"line":23,"column":null}},"5":{"start":{"line":24,"column":17},"end":{"line":24,"column":null}},"6":{"start":{"line":25,"column":1},"end":{"line":37,"column":null}},"7":{"start":{"line":27,"column":3},"end":{"line":29,"column":null}},"8":{"start":{"line":31,"column":3},"end":{"line":35,"column":null}},"9":{"start":{"line":40,"column":30},"end":{"line":45,"column":null}},"10":{"start":{"line":42,"column":2},"end":{"line":42,"column":null}},"11":{"start":{"line":44,"column":1},"end":{"line":44,"column":null}},"12":{"start":{"line":47,"column":20},"end":{"line":50,"column":null}},"13":{"start":{"line":48,"column":14},"end":{"line":48,"column":null}},"14":{"start":{"line":49,"column":1},"end":{"line":49,"column":null}},"15":{"start":{"line":52,"column":26},"end":{"line":65,"column":null}},"16":{"start":{"line":53,"column":14},"end":{"line":53,"column":null}},"17":{"start":{"line":55,"column":1},"end":{"line":63,"column":null}},"18":{"start":{"line":56,"column":2},"end":{"line":62,"column":null}},"19":{"start":{"line":57,"column":3},"end":{"line":57,"column":null}},"20":{"start":{"line":58,"column":3},"end":{"line":58,"column":null}},"21":{"start":{"line":59,"column":3},"end":{"line":59,"column":null}},"22":{"start":{"line":61,"column":3},"end":{"line":61,"column":null}},"23":{"start":{"line":64,"column":1},"end":{"line":64,"column":null}}},"fnMap":{"0":{"name":"(anonymous_0)","decl":{"start":{"line":14,"column":21},"end":{"line":14,"column":null}},"loc":{"start":{"line":19,"column":22},"end":{"line":38,"column":null}}},"1":{"name":"(anonymous_1)","decl":{"start":{"line":40,"column":30},"end":{"line":40,"column":31}},"loc":{"start":{"line":40,"column":107},"end":{"line":45,"column":null}}},"2":{"name":"(anonymous_2)","decl":{"start":{"line":47,"column":20},"end":{"line":47,"column":27}},"loc":{"start":{"line":47,"column":59},"end":{"line":50,"column":null}}},"3":{"name":"(anonymous_3)","decl":{"start":{"line":52,"column":26},"end":{"line":52,"column":27}},"loc":{"start":{"line":52,"column":61},"end":{"line":65,"column":null}}}},"branchMap":{"0":{"loc":{"start":{"line":25,"column":1},"end":{"line":37,"column":null}},"type":"switch","locations":[{"start":{"line":26,"column":2},"end":{"line":29,"column":null}},{"start":{"line":30,"column":2},"end":{"line":35,"column":null}}]},"1":{"loc":{"start":{"line":27,"column":14},"end":{"line":27,"column":81}},"type":"cond-expr","locations":[{"start":{"line":27,"column":28},"end":{"line":27,"column":79}},{"start":{"line":27,"column":79},"end":{"line":27,"column":81}}]},"2":{"loc":{"start":{"line":27,"column":28},"end":{"line":27,"column":79}},"type":"cond-expr","locations":[{"start":{"line":27,"column":46},"end":{"line":27,"column":59}},{"start":{"line":27,"column":59},"end":{"line":27,"column":79}}]},"3":{"loc":{"start":{"line":27,"column":84},"end":{"line":27,"column":105}},"type":"cond-expr","locations":[{"start":{"line":27,"column":97},"end":{"line":27,"column":103}},{"start":{"line":27,"column":103},"end":{"line":27,"column":105}}]},"4":{"loc":{"start":{"line":28,"column":4},"end":{"line":28,"column":null}},"type":"cond-expr","locations":[{"start":{"line":28,"column":20},"end":{"line":28,"column":78}},{"start":{"line":28,"column":78},"end":{"line":28,"column":null}}]},"5":{"loc":{"start":{"line":28,"column":20},"end":{"line":28,"column":78}},"type":"cond-expr","locations":[{"start":{"line":28,"column":41},"end":{"line":28,"column":56}},{"start":{"line":28,"column":56},"end":{"line":28,"column":78}}]},"6":{"loc":{"start":{"line":29,"column":7},"end":{"line":29,"column":82}},"type":"cond-expr","locations":[{"start":{"line":29,"column":23},"end":{"line":29,"column":80}},{"start":{"line":29,"column":80},"end":{"line":29,"column":82}}]},"7":{"loc":{"start":{"line":29,"column":23},"end":{"line":29,"column":80}},"type":"cond-expr","locations":[{"start":{"line":29,"column":43},"end":{"line":29,"column":58}},{"start":{"line":29,"column":58},"end":{"line":29,"column":80}}]},"8":{"loc":{"start":{"line":32,"column":15},"end":{"line":32,"column":79}},"type":"cond-expr","locations":[{"start":{"line":32,"column":29},"end":{"line":32,"column":77}},{"start":{"line":32,"column":77},"end":{"line":32,"column":79}}]},"9":{"loc":{"start":{"line":32,"column":29},"end":{"line":32,"column":77}},"type":"cond-expr","locations":[{"start":{"line":32,"column":46},"end":{"line":32,"column":58}},{"start":{"line":32,"column":58},"end":{"line":32,"column":77}}]},"10":{"loc":{"start":{"line":32,"column":82},"end":{"line":32,"column":102}},"type":"cond-expr","locations":[{"start":{"line":32,"column":94},"end":{"line":32,"column":100}},{"start":{"line":32,"column":100},"end":{"line":32,"column":102}}]},"11":{"loc":{"start":{"line":33,"column":16},"end":{"line":33,"column":83}},"type":"cond-expr","locations":[{"start":{"line":33,"column":30},"end":{"line":33,"column":81}},{"start":{"line":33,"column":81},"end":{"line":33,"column":83}}]},"12":{"loc":{"start":{"line":33,"column":30},"end":{"line":33,"column":81}},"type":"cond-expr","locations":[{"start":{"line":33,"column":48},"end":{"line":33,"column":61}},{"start":{"line":33,"column":61},"end":{"line":33,"column":81}}]},"13":{"loc":{"start":{"line":33,"column":86},"end":{"line":33,"column":107}},"type":"cond-expr","locations":[{"start":{"line":33,"column":99},"end":{"line":33,"column":105}},{"start":{"line":33,"column":105},"end":{"line":33,"column":107}}]},"14":{"loc":{"start":{"line":34,"column":18},"end":{"line":34,"column":96}},"type":"cond-expr","locations":[{"start":{"line":34,"column":34},"end":{"line":34,"column":92}},{"start":{"line":34,"column":92},"end":{"line":34,"column":96}}]},"15":{"loc":{"start":{"line":34,"column":34},"end":{"line":34,"column":92}},"type":"cond-expr","locations":[{"start":{"line":34,"column":55},"end":{"line":34,"column":70}},{"start":{"line":34,"column":70},"end":{"line":34,"column":92}}]},"16":{"loc":{"start":{"line":35,"column":18},"end":{"line":35,"column":93}},"type":"cond-expr","locations":[{"start":{"line":35,"column":34},"end":{"line":35,"column":91}},{"start":{"line":35,"column":91},"end":{"line":35,"column":93}}]},"17":{"loc":{"start":{"line":35,"column":34},"end":{"line":35,"column":91}},"type":"cond-expr","locations":[{"start":{"line":35,"column":54},"end":{"line":35,"column":69}},{"start":{"line":35,"column":69},"end":{"line":35,"column":91}}]},"18":{"loc":{"start":{"line":42,"column":2},"end":{"line":42,"column":null}},"type":"cond-expr","locations":[{"start":{"line":42,"column":32},"end":{"line":42,"column":46}},{"start":{"line":42,"column":46},"end":{"line":42,"column":null}}]},"19":{"loc":{"start":{"line":42,"column":46},"end":{"line":42,"column":null}},"type":"cond-expr","locations":[{"start":{"line":42,"column":80},"end":{"line":42,"column":104}},{"start":{"line":42,"column":104},"end":{"line":42,"column":null}}]},"20":{"loc":{"start":{"line":58,"column":9},"end":{"line":58,"column":null}},"type":"binary-expr","locations":[{"start":{"line":58,"column":9},"end":{"line":58,"column":37}},{"start":{"line":58,"column":37},"end":{"line":58,"column":null}}]}},"s":{"0":0,"1":0,"2":0,"3":0,"4":0,"5":0,"6":0,"7":0,"8":0,"9":0,"10":0,"11":0,"12":0,"13":0,"14":0,"15":0,"16":0,"17":0,"18":0,"19":0,"20":0,"21":0,"22":0,"23":0},"f":{"0":0,"1":0,"2":0,"3":0},"b":{"0":[0,0],"1":[0,0],"2":[0,0],"3":[0,0],"4":[0,0],"5":[0,0],"6":[0,0],"7":[0,0],"8":[0,0],"9":[0,0],"10":[0,0],"11":[0,0],"12":[0,0],"13":[0,0],"14":[0,0],"15":[0,0],"16":[0,0],"17":[0,0],"18":[0,0],"19":[0,0],"20":[0,0]}}
}
